2026-03-21 10:19:59,704 - INFO - ==================================================
2026-03-21 10:19:59,704 - INFO - 🚀 미국 시장 분석 시작
2026-03-21 10:19:59,704 - INFO - ==================================================
2026-03-21 10:19:59,705 - INFO - 🚀 시장 데이터 수집 시작...
2026-03-21 10:20:00,632 - INFO - ✅ S&P 500 (^GSPC): 6506.48 🔴 -1.51%
2026-03-21 10:20:00,953 - INFO - ✅ NASDAQ (^IXIC): 21647.61 🔴 -2.01%
2026-03-21 10:20:01,404 - INFO - ✅ Dow Jones (^DJI): 45577.47 🔴 -0.96%
2026-03-21 10:20:01,722 - INFO - ✅ SOX 반도체 (^SOX): 7670.61 🔴 -2.45%
2026-03-21 10:20:02,043 - INFO - ✅ Russell 2000 (^RUT): 2438.45 🔴 -2.26%
2026-03-21 10:20:02,436 - INFO - ✅ 기술 (XLK): 135.29 🔴 -2.27%
2026-03-21 10:20:02,819 - INFO - ✅ 금융 (XLF): 49.08 🟢 +0.18%
2026-03-21 10:20:03,209 - INFO - ✅ 에너지 (XLE): 59.31 🔴 -0.08%
2026-03-21 10:20:03,612 - INFO - ✅ 헬스케어 (XLV): 145.33 🔴 -0.87%
2026-03-21 10:20:04,011 - INFO - ✅ 소비재(선택) (XLY): 107.74 🔴 -1.79%
2026-03-21 10:20:04,397 - INFO - ✅ 소비재(필수) (XLP): 81.29 🔴 -0.83%
2026-03-21 10:20:04,778 - INFO - ✅ 산업 (XLI): 161.67 🔴 -1.46%
2026-03-21 10:20:05,155 - INFO - ✅ 소재 (XLB): 46.98 🔴 -1.59%
2026-03-21 10:20:05,495 - INFO - ✅ 부동산 (XLRE): 40.59 🔴 -3.17%
2026-03-21 10:20:05,886 - INFO - ✅ 유틸리티 (XLU): 44.65 🔴 -4.06%
2026-03-21 10:20:06,223 - INFO - ✅ 통신 (XLC): 112.23 🔴 -0.80%
2026-03-21 10:20:06,540 - INFO - ✅ 2년 국채 (^IRX): 3.62 🟢 +0.17%
2026-03-21 10:20:06,862 - INFO - ✅ 10년 국채 (^TNX): 4.39 🟢 +2.57%
2026-03-21 10:20:07,182 - INFO - ✅ 30년 국채 (^TYX): 4.96 🟢 +2.23%
2026-03-21 10:20:07,344 - INFO - ✅ VIX (^VIX): 26.78 🟢 +11.31%
2026-03-21 10:20:07,506 - INFO - ✅ USD/KRW (KRW=X): 1504.83 🔴 -0.03%
2026-03-21 10:20:07,670 - INFO - ✅ WTI 유가 (CL=F): 98.09 🟢 +2.03%
2026-03-21 10:20:07,830 - INFO - ✅ 금 (GC=F): 4492.00 🔴 -2.36%
2026-03-21 10:20:07,890 - ERROR - ❌ Fear & Greed Index 가져오기 실패: 418 Client Error: Unknown Error for url: https://production.dataviz.cnn.io/index/fearandgreed/graphdata
2026-03-21 10:20:07,891 - INFO - ✅ 10Y-2Y 스프레드: 0.77bp
2026-03-21 10:20:07,891 - INFO - ✅ 데이터 수집 완료
2026-03-21 10:20:07,891 - INFO - ✅ 보고서 저장: /root/.openclaw/workspace/stock/reports/us_market_20260321.txt
2026-03-21 10:20:07,975 - INFO - ✅ Oracle DB 연결 성공
2026-03-21 10:20:08,002 - INFO - ✅ 테이블 생성/확인 완료
2026-03-21 10:20:08,068 - INFO - ✅ DB 저장 완료: 23개 레코드
2026-03-21 10:20:08,070 - INFO - ✅ DB 연결 종료
2026-03-21 10:20:08,070 - INFO - ✅ 분석 완료!
2026-03-21 10:20:30,955 - INFO - ==================================================
2026-03-21 10:20:30,955 - INFO - 🚀 미국 시장 분석 시작
2026-03-21 10:20:30,955 - INFO - ==================================================
2026-03-21 10:20:30,955 - INFO - 🚀 시장 데이터 수집 시작...
2026-03-21 10:20:31,801 - INFO - ✅ S&P 500 (^GSPC): 6506.48 🔴 -1.51%
2026-03-21 10:20:31,968 - INFO - ✅ NASDAQ (^IXIC): 21647.61 🔴 -2.01%
2026-03-21 10:20:32,132 - INFO - ✅ Dow Jones (^DJI): 45577.47 🔴 -0.96%
2026-03-21 10:20:32,295 - INFO - ✅ SOX 반도체 (^SOX): 7670.61 🔴 -2.45%
2026-03-21 10:20:32,457 - INFO - ✅ Russell 2000 (^RUT): 2438.45 🔴 -2.26%
2026-03-21 10:20:32,648 - INFO - ✅ 기술 (XLK): 135.29 🔴 -2.27%
2026-03-21 10:20:32,836 - INFO - ✅ 금융 (XLF): 49.08 🟢 +0.18%
2026-03-21 10:20:33,025 - INFO - ✅ 에너지 (XLE): 59.31 🔴 -0.08%
2026-03-21 10:20:33,233 - INFO - ✅ 헬스케어 (XLV): 145.33 🔴 -0.87%
2026-03-21 10:20:33,440 - INFO - ✅ 소비재(선택) (XLY): 107.74 🔴 -1.79%
2026-03-21 10:20:33,635 - INFO - ✅ 소비재(필수) (XLP): 81.29 🔴 -0.83%
2026-03-21 10:20:33,833 - INFO - ✅ 산업 (XLI): 161.67 🔴 -1.46%
2026-03-21 10:20:34,025 - INFO - ✅ 소재 (XLB): 46.98 🔴 -1.59%
2026-03-21 10:20:34,201 - INFO - ✅ 부동산 (XLRE): 40.59 🔴 -3.17%
2026-03-21 10:20:34,399 - INFO - ✅ 유틸리티 (XLU): 44.65 🔴 -4.06%
2026-03-21 10:20:34,572 - INFO - ✅ 통신 (XLC): 112.23 🔴 -0.80%
2026-03-21 10:20:34,739 - INFO - ✅ 2년 국채 (^IRX): 3.62 🟢 +0.17%
2026-03-21 10:20:34,898 - INFO - ✅ 10년 국채 (^TNX): 4.39 🟢 +2.57%
2026-03-21 10:20:35,059 - INFO - ✅ 30년 국채 (^TYX): 4.96 🟢 +2.23%
2026-03-21 10:20:35,223 - INFO - ✅ VIX (^VIX): 26.78 🟢 +11.31%
2026-03-21 10:20:35,387 - INFO - ✅ USD/KRW (KRW=X): 1504.83 🔴 -0.03%
2026-03-21 10:20:35,557 - INFO - ✅ WTI 유가 (CL=F): 98.09 🟢 +2.03%
2026-03-21 10:20:35,721 - INFO - ✅ 금 (GC=F): 4492.00 🔴 -2.36%
2026-03-21 10:20:35,787 - INFO - ✅ Fear & Greed Index: 14.5915343915344 (extreme fear)
2026-03-21 10:20:35,789 - INFO - ✅ 10Y-2Y 스프레드: 0.77bp
2026-03-21 10:20:35,789 - INFO - ✅ 데이터 수집 완료
2026-03-21 10:20:35,790 - INFO - ✅ 보고서 저장: /root/.openclaw/workspace/stock/reports/us_market_20260321.txt
2026-03-21 10:20:35,867 - INFO - ✅ Oracle DB 연결 성공
2026-03-21 10:20:35,905 - INFO - ✅ 테이블 생성/확인 완료
2026-03-21 10:20:35,949 - INFO - ✅ DB 저장 완료: 23개 레코드
2026-03-21 10:20:35,951 - INFO - ✅ DB 연결 종료
2026-03-21 10:20:35,951 - INFO - ✅ 분석 완료!
2026-03-21 10:20:41,961 - INFO - ==================================================
2026-03-21 10:20:41,961 - INFO - 🚀 미국 시장 분석 시작
2026-03-21 10:20:41,962 - INFO - ==================================================
2026-03-21 10:20:41,962 - INFO - 🚀 시장 데이터 수집 시작...
2026-03-21 10:20:42,775 - INFO - ✅ S&P 500 (^GSPC): 6506.48 🔴 -1.51%
2026-03-21 10:20:42,933 - INFO - ✅ NASDAQ (^IXIC): 21647.61 🔴 -2.01%
2026-03-21 10:20:43,099 - INFO - ✅ Dow Jones (^DJI): 45577.47 🔴 -0.96%
2026-03-21 10:20:43,260 - INFO - ✅ SOX 반도체 (^SOX): 7670.61 🔴 -2.45%
2026-03-21 10:20:43,418 - INFO - ✅ Russell 2000 (^RUT): 2438.45 🔴 -2.26%
2026-03-21 10:20:43,607 - INFO - ✅ 기술 (XLK): 135.29 🔴 -2.27%
2026-03-21 10:20:43,796 - INFO - ✅ 금융 (XLF): 49.08 🟢 +0.18%
2026-03-21 10:20:43,988 - INFO - ✅ 에너지 (XLE): 59.31 🔴 -0.08%
2026-03-21 10:20:44,181 - INFO - ✅ 헬스케어 (XLV): 145.33 🔴 -0.87%
2026-03-21 10:20:44,380 - INFO - ✅ 소비재(선택) (XLY): 107.74 🔴 -1.79%
2026-03-21 10:20:44,583 - INFO - ✅ 소비재(필수) (XLP): 81.29 🔴 -0.83%
2026-03-21 10:20:44,777 - INFO - ✅ 산업 (XLI): 161.67 🔴 -1.46%
2026-03-21 10:20:44,973 - INFO - ✅ 소재 (XLB): 46.98 🔴 -1.59%
2026-03-21 10:20:45,145 - INFO - ✅ 부동산 (XLRE): 40.59 🔴 -3.17%
2026-03-21 10:20:45,343 - INFO - ✅ 유틸리티 (XLU): 44.65 🔴 -4.06%
2026-03-21 10:20:45,512 - INFO - ✅ 통신 (XLC): 112.23 🔴 -0.80%
2026-03-21 10:20:45,673 - INFO - ✅ 2년 국채 (^IRX): 3.62 🟢 +0.17%
2026-03-21 10:20:45,831 - INFO - ✅ 10년 국채 (^TNX): 4.39 🟢 +2.57%
2026-03-21 10:20:45,989 - INFO - ✅ 30년 국채 (^TYX): 4.96 🟢 +2.23%
2026-03-21 10:20:46,151 - INFO - ✅ VIX (^VIX): 26.78 🟢 +11.31%
2026-03-21 10:20:46,314 - INFO - ✅ USD/KRW (KRW=X): 1504.83 🔴 -0.03%
2026-03-21 10:20:46,473 - INFO - ✅ WTI 유가 (CL=F): 98.09 🟢 +2.03%
2026-03-21 10:20:46,633 - INFO - ✅ 금 (GC=F): 4492.00 🔴 -2.36%
2026-03-21 10:20:46,683 - INFO - ✅ Fear & Greed Index: 14.5915343915344 (extreme fear)
2026-03-21 10:20:46,683 - INFO - ✅ 10Y-2Y 스프레드: 0.77bp
2026-03-21 10:20:46,683 - INFO - ✅ 데이터 수집 완료
2026-03-21 10:20:46,684 - INFO - ✅ 보고서 저장: /root/.openclaw/workspace/stock/reports/us_market_20260321.txt
2026-03-21 10:20:46,745 - INFO - ✅ Oracle DB 연결 성공
2026-03-21 10:20:46,751 - INFO - ✅ 테이블 생성/확인 완료
2026-03-21 10:20:46,761 - INFO - ✅ DB 저장 완료: 23개 레코드
2026-03-21 10:20:46,762 - INFO - ✅ DB 연결 종료
2026-03-21 10:20:46,763 - INFO - ✅ 분석 완료!
2026-03-21 10:21:09,337 - INFO - ==================================================
2026-03-21 10:21:09,337 - INFO - 🚀 미국 시장 분석 시작
2026-03-21 10:21:09,337 - INFO - ==================================================
2026-03-21 10:21:09,337 - INFO - 🚀 시장 데이터 수집 시작...
2026-03-21 10:21:10,147 - INFO - ✅ S&P 500 (^GSPC): 6506.48 🔴 -1.51%
2026-03-21 10:21:10,309 - INFO - ✅ NASDAQ (^IXIC): 21647.61 🔴 -2.01%
2026-03-21 10:21:10,472 - INFO - ✅ Dow Jones (^DJI): 45577.47 🔴 -0.96%
2026-03-21 10:21:10,637 - INFO - ✅ SOX 반도체 (^SOX): 7670.61 🔴 -2.45%
2026-03-21 10:21:10,798 - INFO - ✅ Russell 2000 (^RUT): 2438.45 🔴 -2.26%
2026-03-21 10:21:10,999 - INFO - ✅ 기술 (XLK): 135.29 🔴 -2.27%
2026-03-21 10:21:11,189 - INFO - ✅ 금융 (XLF): 49.08 🟢 +0.18%
2026-03-21 10:21:11,383 - INFO - ✅ 에너지 (XLE): 59.31 🔴 -0.08%
2026-03-21 10:21:11,605 - INFO - ✅ 헬스케어 (XLV): 145.33 🔴 -0.87%
2026-03-21 10:21:11,806 - INFO - ✅ 소비재(선택) (XLY): 107.74 🔴 -1.79%
2026-03-21 10:21:12,006 - INFO - ✅ 소비재(필수) (XLP): 81.29 🔴 -0.83%
2026-03-21 10:21:12,200 - INFO - ✅ 산업 (XLI): 161.67 🔴 -1.46%
2026-03-21 10:21:12,391 - INFO - ✅ 소재 (XLB): 46.98 🔴 -1.59%
2026-03-21 10:21:12,564 - INFO - ✅ 부동산 (XLRE): 40.59 🔴 -3.17%
2026-03-21 10:21:12,774 - INFO - ✅ 유틸리티 (XLU): 44.65 🔴 -4.06%
2026-03-21 10:21:12,954 - INFO - ✅ 통신 (XLC): 112.23 🔴 -0.80%
2026-03-21 10:21:13,114 - INFO - ✅ 2년 국채 (^IRX): 3.62 🟢 +0.17%
2026-03-21 10:21:13,275 - INFO - ✅ 10년 국채 (^TNX): 4.39 🟢 +2.57%
2026-03-21 10:21:13,436 - INFO - ✅ 30년 국채 (^TYX): 4.96 🟢 +2.23%
2026-03-21 10:21:13,598 - INFO - ✅ VIX (^VIX): 26.78 🟢 +11.31%
2026-03-21 10:21:13,763 - INFO - ✅ USD/KRW (KRW=X): 1504.83 🔴 -0.03%
2026-03-21 10:21:13,923 - INFO - ✅ WTI 유가 (CL=F): 98.09 🟢 +2.03%
2026-03-21 10:21:14,226 - INFO - ✅ 금 (GC=F): 4492.00 🔴 -2.36%
2026-03-21 10:21:14,293 - INFO - ✅ Fear & Greed Index: 14.5915343915344 (extreme fear)
2026-03-21 10:21:14,295 - INFO - ✅ 10Y-2Y 스프레드: 0.77bp
2026-03-21 10:21:14,295 - INFO - ✅ 데이터 수집 완료
2026-03-21 10:21:14,296 - INFO - ✅ 보고서 저장: /root/.openclaw/workspace/stock/reports/us_market_20260321.txt
2026-03-21 10:21:14,387 - INFO - ✅ Oracle DB 연결 성공
2026-03-21 10:21:14,394 - INFO - ✅ 테이블 생성/확인 완료
2026-03-21 10:21:14,401 - INFO - ✅ DB 저장 완료: 23개 레코드
2026-03-21 10:21:14,403 - INFO - ✅ DB 연결 종료
2026-03-21 10:21:14,403 - INFO - ✅ 분석 완료!
2026-03-21 10:21:25,243 - INFO - ==================================================
2026-03-21 10:21:25,243 - INFO - 🚀 미국 시장 분석 시작
2026-03-21 10:21:25,243 - INFO - ==================================================
2026-03-21 10:21:25,243 - INFO - 🚀 시장 데이터 수집 시작...
2026-03-21 10:21:26,153 - INFO - ✅ S&P 500 (^GSPC): 6506.48 🔴 -1.51%
2026-03-21 10:21:26,315 - INFO - ✅ NASDAQ (^IXIC): 21647.61 🔴 -2.01%
2026-03-21 10:21:26,473 - INFO - ✅ Dow Jones (^DJI): 45577.47 🔴 -0.96%
2026-03-21 10:21:26,632 - INFO - ✅ SOX 반도체 (^SOX): 7670.61 🔴 -2.45%
2026-03-21 10:21:26,924 - INFO - ✅ Russell 2000 (^RUT): 2438.45 🔴 -2.26%
2026-03-21 10:21:27,250 - INFO - ✅ 기술 (XLK): 135.29 🔴 -2.27%
2026-03-21 10:21:27,439 - INFO - ✅ 금융 (XLF): 49.08 🟢 +0.18%
2026-03-21 10:21:27,630 - INFO - ✅ 에너지 (XLE): 59.31 🔴 -0.08%
2026-03-21 10:21:27,852 - INFO - ✅ 헬스케어 (XLV): 145.33 🔴 -0.87%
2026-03-21 10:21:28,067 - INFO - ✅ 소비재(선택) (XLY): 107.74 🔴 -1.79%
2026-03-21 10:21:28,261 - INFO - ✅ 소비재(필수) (XLP): 81.29 🔴 -0.83%
2026-03-21 10:21:28,459 - INFO - ✅ 산업 (XLI): 161.67 🔴 -1.46%
2026-03-21 10:21:28,645 - INFO - ✅ 소재 (XLB): 46.98 🔴 -1.59%
2026-03-21 10:21:28,952 - INFO - ✅ 부동산 (XLRE): 40.59 🔴 -3.17%
2026-03-21 10:21:29,156 - INFO - ✅ 유틸리티 (XLU): 44.65 🔴 -4.06%
2026-03-21 10:21:29,324 - INFO - ✅ 통신 (XLC): 112.23 🔴 -0.80%
2026-03-21 10:21:29,483 - INFO - ✅ 2년 국채 (^IRX): 3.62 🟢 +0.17%
2026-03-21 10:21:29,645 - INFO - ✅ 10년 국채 (^TNX): 4.39 🟢 +2.57%
2026-03-21 10:21:29,805 - INFO - ✅ 30년 국채 (^TYX): 4.96 🟢 +2.23%
2026-03-21 10:21:29,964 - INFO - ✅ VIX (^VIX): 26.78 🟢 +11.31%
2026-03-21 10:21:30,127 - INFO - ✅ USD/KRW (KRW=X): 1504.83 🔴 -0.03%
2026-03-21 10:21:30,287 - INFO - ✅ WTI 유가 (CL=F): 98.09 🟢 +2.03%
2026-03-21 10:21:30,450 - INFO - ✅ 금 (GC=F): 4492.00 🔴 -2.36%
2026-03-21 10:21:30,503 - INFO - ✅ Fear & Greed Index: 14.5915343915344 (extreme fear)
2026-03-21 10:21:30,503 - INFO - ✅ 10Y-2Y 스프레드: 0.77bp
2026-03-21 10:21:30,503 - INFO - ✅ 데이터 수집 완료
2026-03-21 10:21:30,504 - INFO - ✅ 보고서 저장: /root/.openclaw/workspace/stock/reports/us_market_20260321.txt
2026-03-21 10:21:30,566 - INFO - ✅ Oracle DB 연결 성공
2026-03-21 10:21:30,572 - INFO - ✅ 테이블 생성/확인 완료
2026-03-21 10:21:30,581 - INFO - ✅ DB 저장 완료: 23개 레코드
2026-03-21 10:21:30,582 - INFO - ✅ DB 연결 종료
2026-03-21 10:21:30,582 - INFO - ✅ 분석 완료!
2026-03-21 10:22:17,549 - INFO - ==================================================
2026-03-21 10:22:17,549 - INFO - 🚀 미국 시장 분석 시작
2026-03-21 10:22:17,549 - INFO - ==================================================
2026-03-21 10:22:17,549 - INFO - 🚀 시장 데이터 수집 시작...
2026-03-21 10:22:18,401 - INFO - ✅ S&P 500 (^GSPC): 6506.48 🔴 -1.51%
2026-03-21 10:22:18,562 - INFO - ✅ NASDAQ (^IXIC): 21647.61 🔴 -2.01%
2026-03-21 10:22:18,723 - INFO - ✅ Dow Jones (^DJI): 45577.47 🔴 -0.96%
2026-03-21 10:22:18,884 - INFO - ✅ SOX 반도체 (^SOX): 7670.61 🔴 -2.45%
2026-03-21 10:22:19,058 - INFO - ✅ Russell 2000 (^RUT): 2438.45 🔴 -2.26%
2026-03-21 10:22:19,249 - INFO - ✅ 기술 (XLK): 135.29 🔴 -2.27%
2026-03-21 10:22:19,581 - INFO - ✅ 금융 (XLF): 49.08 🟢 +0.18%
2026-03-21 10:22:19,784 - INFO - ✅ 에너지 (XLE): 59.31 🔴 -0.08%
2026-03-21 10:22:19,975 - INFO - ✅ 헬스케어 (XLV): 145.33 🔴 -0.87%
2026-03-21 10:22:20,170 - INFO - ✅ 소비재(선택) (XLY): 107.74 🔴 -1.79%
2026-03-21 10:22:20,365 - INFO - ✅ 소비재(필수) (XLP): 81.29 🔴 -0.83%
2026-03-21 10:22:20,557 - INFO - ✅ 산업 (XLI): 161.67 🔴 -1.46%
2026-03-21 10:22:20,752 - INFO - ✅ 소재 (XLB): 46.98 🔴 -1.59%
2026-03-21 10:22:20,925 - INFO - ✅ 부동산 (XLRE): 40.59 🔴 -3.17%
2026-03-21 10:22:21,123 - INFO - ✅ 유틸리티 (XLU): 44.65 🔴 -4.06%
2026-03-21 10:22:21,296 - INFO - ✅ 통신 (XLC): 112.23 🔴 -0.80%
2026-03-21 10:22:21,459 - INFO - ✅ 2년 국채 (^IRX): 3.62 🟢 +0.17%
2026-03-21 10:22:21,618 - INFO - ✅ 10년 국채 (^TNX): 4.39 🟢 +2.57%
2026-03-21 10:22:21,778 - INFO - ✅ 30년 국채 (^TYX): 4.96 🟢 +2.23%
2026-03-21 10:22:21,946 - INFO - ✅ VIX (^VIX): 26.78 🟢 +11.31%
2026-03-21 10:22:22,242 - INFO - ✅ USD/KRW (KRW=X): 1504.83 🔴 -0.03%
2026-03-21 10:22:22,400 - INFO - ✅ WTI 유가 (CL=F): 98.09 🟢 +2.03%
2026-03-21 10:22:22,561 - INFO - ✅ 금 (GC=F): 4492.00 🔴 -2.36%
2026-03-21 10:22:22,613 - INFO - ✅ Fear & Greed Index: 14.5915343915344 (extreme fear)
2026-03-21 10:22:22,613 - INFO - ✅ 10Y-2Y 스프레드: 0.77bp
2026-03-21 10:22:22,613 - INFO - ✅ 데이터 수집 완료
2026-03-21 10:22:22,614 - INFO - ✅ 보고서 저장: /root/.openclaw/workspace/stock/reports/us_market_20260321.txt
2026-03-21 10:22:22,676 - INFO - ✅ Oracle DB 연결 성공
2026-03-21 10:22:22,682 - INFO - ✅ 테이블 생성/확인 완료
2026-03-21 10:22:22,690 - INFO - ✅ DB 저장 완료: 23개 레코드
2026-03-21 10:22:22,692 - INFO - ✅ DB 연결 종료
2026-03-21 10:22:22,692 - INFO - ✅ 분석 완료!
2026-03-22 07:00:02,834 - INFO - ==================================================
2026-03-22 07:00:02,834 - INFO - 🚀 미국 시장 분석 시작
2026-03-22 07:00:02,835 - INFO - ==================================================
2026-03-22 07:00:02,835 - INFO - 🚀 시장 데이터 수집 시작...
2026-03-22 07:00:03,689 - INFO - ✅ S&P 500 (^GSPC): 6506.48 🔴 -1.51%
2026-03-22 07:00:03,846 - INFO - ✅ NASDAQ (^IXIC): 21647.61 🔴 -2.01%
2026-03-22 07:00:04,006 - INFO - ✅ Dow Jones (^DJI): 45577.47 🔴 -0.96%
2026-03-22 07:00:04,169 - INFO - ✅ SOX 반도체 (^SOX): 7670.61 🔴 -2.45%
2026-03-22 07:00:04,365 - INFO - ✅ Russell 2000 (^RUT): 2438.45 🔴 -2.26%
2026-03-22 07:00:04,557 - INFO - ✅ 기술 (XLK): 135.29 🔴 -2.27%
2026-03-22 07:00:04,766 - INFO - ✅ 금융 (XLF): 49.08 🟢 +0.18%
2026-03-22 07:00:04,958 - INFO - ✅ 에너지 (XLE): 59.31 🔴 -0.08%
2026-03-22 07:00:05,154 - INFO - ✅ 헬스케어 (XLV): 145.33 🔴 -0.87%
2026-03-22 07:00:05,351 - INFO - ✅ 소비재(선택) (XLY): 107.74 🔴 -1.79%
2026-03-22 07:00:05,570 - INFO - ✅ 소비재(필수) (XLP): 81.29 🔴 -0.83%
2026-03-22 07:00:05,775 - INFO - ✅ 산업 (XLI): 161.67 🔴 -1.46%
2026-03-22 07:00:05,970 - INFO - ✅ 소재 (XLB): 46.98 🔴 -1.59%
2026-03-22 07:00:06,149 - INFO - ✅ 부동산 (XLRE): 40.59 🔴 -3.17%
2026-03-22 07:00:06,345 - INFO - ✅ 유틸리티 (XLU): 44.65 🔴 -4.06%
2026-03-22 07:00:06,517 - INFO - ✅ 통신 (XLC): 112.23 🔴 -0.80%
2026-03-22 07:00:06,677 - INFO - ✅ 2년 국채 (^IRX): 3.62 🟢 +0.17%
2026-03-22 07:00:06,838 - INFO - ✅ 10년 국채 (^TNX): 4.39 🟢 +2.57%
2026-03-22 07:00:06,997 - INFO - ✅ 30년 국채 (^TYX): 4.96 🟢 +2.23%
2026-03-22 07:00:07,157 - INFO - ✅ VIX (^VIX): 26.78 🟢 +11.31%
2026-03-22 07:00:07,454 - INFO - ✅ USD/KRW (KRW=X): 1504.83 🔴 -0.03%
2026-03-22 07:00:07,613 - INFO - ✅ WTI 유가 (CL=F): 98.23 🟢 +2.17%
2026-03-22 07:00:07,771 - INFO - ✅ 금 (GC=F): 4574.90 🔴 -0.56%
2026-03-22 07:00:07,825 - INFO - ✅ Fear & Greed Index: 14.5915343915344 (extreme fear)
2026-03-22 07:00:07,825 - INFO - ✅ 10Y-2Y 스프레드: 0.77bp
2026-03-22 07:00:07,825 - INFO - ✅ 데이터 수집 완료
2026-03-22 07:00:07,826 - INFO - ✅ 보고서 저장: /root/.openclaw/workspace/stock/reports/us_market_20260322.txt
2026-03-22 07:00:07,889 - INFO - ✅ Oracle DB 연결 성공
2026-03-22 07:00:07,896 - INFO - ✅ 테이블 생성/확인 완료
2026-03-22 07:00:07,905 - INFO - ✅ DB 저장 완료: 23개 레코드
2026-03-22 07:00:07,907 - INFO - ✅ DB 연결 종료
2026-03-22 07:00:07,907 - INFO - ✅ 분석 완료!
2026-03-23 07:00:01,938 - INFO - ==================================================
2026-03-23 07:00:01,938 - INFO - 🚀 미국 시장 분석 시작
2026-03-23 07:00:01,938 - INFO - ==================================================
2026-03-23 07:00:01,939 - INFO - 🚀 시장 데이터 수집 시작...
2026-03-23 07:00:03,362 - INFO - ✅ S&P 500 (^GSPC): 6506.48 🔴 -1.51%
2026-03-23 07:00:03,523 - INFO - ✅ NASDAQ (^IXIC): 21647.61 🔴 -2.01%
2026-03-23 07:00:03,684 - INFO - ✅ Dow Jones (^DJI): 45577.47 🔴 -0.96%
2026-03-23 07:00:03,846 - INFO - ✅ SOX 반도체 (^SOX): 7670.61 🔴 -2.45%
2026-03-23 07:00:04,004 - INFO - ✅ Russell 2000 (^RUT): 2438.45 🔴 -2.26%
2026-03-23 07:00:04,194 - INFO - ✅ 기술 (XLK): 135.29 🔴 -2.27%
2026-03-23 07:00:04,410 - INFO - ✅ 금융 (XLF): 49.08 🟢 +0.18%
2026-03-23 07:00:04,602 - INFO - ✅ 에너지 (XLE): 59.31 🔴 -0.08%
2026-03-23 07:00:04,792 - INFO - ✅ 헬스케어 (XLV): 145.33 🔴 -0.87%
2026-03-23 07:00:04,979 - INFO - ✅ 소비재(선택) (XLY): 107.74 🔴 -1.79%
2026-03-23 07:00:05,184 - INFO - ✅ 소비재(필수) (XLP): 81.29 🔴 -0.83%
2026-03-23 07:00:05,399 - INFO - ✅ 산업 (XLI): 161.67 🔴 -1.46%
2026-03-23 07:00:05,595 - INFO - ✅ 소재 (XLB): 46.98 🔴 -1.59%
2026-03-23 07:00:05,906 - INFO - ✅ 부동산 (XLRE): 40.59 🔴 -3.17%
2026-03-23 07:00:06,102 - INFO - ✅ 유틸리티 (XLU): 44.65 🔴 -4.06%
2026-03-23 07:00:06,274 - INFO - ✅ 통신 (XLC): 112.23 🔴 -0.80%
2026-03-23 07:00:06,443 - INFO - ✅ 2년 국채 (^IRX): 3.62 🟢 +0.17%
2026-03-23 07:00:06,602 - INFO - ✅ 10년 국채 (^TNX): 4.39 🟢 +2.57%
2026-03-23 07:00:06,760 - INFO - ✅ 30년 국채 (^TYX): 4.96 🟢 +2.23%
2026-03-23 07:00:06,925 - INFO - ✅ VIX (^VIX): 26.78 🟢 +11.31%
2026-03-23 07:00:07,093 - INFO - ✅ USD/KRW (KRW=X): 1503.94 🟢 +0.95%
2026-03-23 07:00:07,333 - WARNING - ❌ WTI 유가 (CL=F): 데이터 부족
2026-03-23 07:00:07,503 - WARNING - ❌ 금 (GC=F): 데이터 부족
2026-03-23 07:00:07,561 - INFO - ✅ Fear & Greed Index: 14.5915343915344 (extreme fear)
2026-03-23 07:00:07,562 - INFO - ✅ 10Y-2Y 스프레드: 0.77bp
2026-03-23 07:00:07,562 - INFO - ✅ 데이터 수집 완료
2026-03-23 07:00:07,563 - INFO - ✅ 보고서 저장: /root/.openclaw/workspace/stock/reports/us_market_20260323.txt
2026-03-23 07:00:07,690 - INFO - ✅ Oracle DB 연결 성공
2026-03-23 07:00:07,708 - INFO - ✅ 테이블 생성/확인 완료
2026-03-23 07:00:07,718 - INFO - ✅ DB 저장 완료: 21개 레코드
2026-03-23 07:00:07,720 - INFO - ✅ DB 연결 종료
2026-03-23 07:00:07,721 - INFO - ✅ 분석 완료!
2026-03-24 07:00:02,875 - INFO - ==================================================
2026-03-24 07:00:02,876 - INFO - 🚀 미국 시장 분석 시작
2026-03-24 07:00:02,876 - INFO - ==================================================
2026-03-24 07:00:02,876 - INFO - 🚀 시장 데이터 수집 시작...
2026-03-24 07:00:03,772 - ERROR - ❌ S&P 500 (^GSPC) 데이터 가져오기 실패: 'NoneType' object is not subscriptable
2026-03-24 07:00:04,083 - INFO - ✅ NASDAQ (^IXIC): 21946.76 🟢 +1.38%
2026-03-24 07:00:04,245 - INFO - ✅ Dow Jones (^DJI): 46208.47 🟢 +1.38%
2026-03-24 07:00:04,413 - INFO - ✅ SOX 반도체 (^SOX): 7773.13 🟢 +1.34%
2026-03-24 07:00:04,575 - INFO - ✅ Russell 2000 (^RUT): 2494.23 🟢 +2.29%
2026-03-24 07:00:04,808 - INFO - ✅ 기술 (XLK): 136.95 🟢 +1.23%
2026-03-24 07:00:05,129 - INFO - ✅ 금융 (XLF): 49.27 🟢 +0.39%
2026-03-24 07:00:05,357 - INFO - ✅ 에너지 (XLE): 59.63 🟢 +0.54%
2026-03-24 07:00:05,625 - INFO - ✅ 헬스케어 (XLV): 144.77 🔴 -0.39%
2026-03-24 07:00:05,826 - INFO - ✅ 소비재(선택) (XLY): 110.12 🟢 +2.21%
2026-03-24 07:00:06,021 - INFO - ✅ 소비재(필수) (XLP): 81.18 🔴 -0.14%
2026-03-24 07:00:06,224 - INFO - ✅ 산업 (XLI): 163.05 🟢 +0.85%
2026-03-24 07:00:06,442 - INFO - ✅ 소재 (XLB): 47.55 🟢 +1.21%
2026-03-24 07:00:06,625 - INFO - ✅ 부동산 (XLRE): 40.62 🟢 +0.07%
2026-03-24 07:00:06,831 - INFO - ✅ 유틸리티 (XLU): 44.78 🟢 +0.29%
2026-03-24 07:00:07,018 - INFO - ✅ 통신 (XLC): 112.71 🟢 +0.43%
2026-03-24 07:00:07,185 - INFO - ✅ 2년 국채 (^IRX): 3.61 🔴 -0.17%
2026-03-24 07:00:07,355 - INFO - ✅ 10년 국채 (^TNX): 4.33 🔴 -1.30%
2026-03-24 07:00:07,527 - INFO - ✅ 30년 국채 (^TYX): 4.91 🔴 -0.97%
2026-03-24 07:00:07,698 - INFO - ✅ VIX (^VIX): 26.15 🔴 -2.35%
2026-03-24 07:00:07,875 - INFO - ✅ USD/KRW (KRW=X): 1486.30 🔴 -0.24%
2026-03-24 07:00:08,053 - WARNING - ❌ WTI 유가 (CL=F): 데이터 부족
2026-03-24 07:00:08,237 - WARNING - ❌ 금 (GC=F): 데이터 부족
2026-03-24 07:00:08,308 - INFO - ✅ Fear & Greed Index: 16.388850174216 (extreme fear)
2026-03-24 07:00:08,310 - INFO - ✅ 10Y-2Y 스프레드: 0.72bp
2026-03-24 07:00:08,311 - INFO - ✅ 데이터 수집 완료
2026-03-24 07:00:08,314 - INFO - ✅ 보고서 저장: /root/.openclaw/workspace/stock/reports/us_market_20260324.txt
2026-03-24 07:00:08,620 - INFO - ✅ Oracle DB 연결 성공
2026-03-24 07:00:08,634 - INFO - ✅ 테이블 생성/확인 완료
2026-03-24 07:00:08,644 - INFO - ✅ DB 저장 완료: 20개 레코드
2026-03-24 07:00:08,649 - INFO - ✅ DB 연결 종료
2026-03-24 07:00:08,650 - INFO - ✅ 분석 완료!
2026-03-24 07:05:10,369 - INFO - ==================================================
2026-03-24 07:05:10,369 - INFO - 🚀 미국 시장 분석 시작
2026-03-24 07:05:10,369 - INFO - ==================================================
2026-03-24 07:05:10,370 - INFO - 🚀 시장 데이터 수집 시작...
2026-03-24 07:05:11,403 - INFO - ✅ S&P 500 (^GSPC): 6581.00 🟢 +1.15%
2026-03-24 07:05:11,573 - INFO - ✅ NASDAQ (^IXIC): 21946.76 🟢 +1.38%
2026-03-24 07:05:11,736 - INFO - ✅ Dow Jones (^DJI): 46208.47 🟢 +1.38%
2026-03-24 07:05:11,899 - INFO - ✅ SOX 반도체 (^SOX): 7773.13 🟢 +1.34%
2026-03-24 07:05:12,062 - INFO - ✅ Russell 2000 (^RUT): 2494.23 🟢 +2.29%
2026-03-24 07:05:12,266 - INFO - ✅ 기술 (XLK): 136.95 🟢 +1.23%
2026-03-24 07:05:12,471 - INFO - ✅ 금융 (XLF): 49.27 🟢 +0.39%
2026-03-24 07:05:12,666 - INFO - ✅ 에너지 (XLE): 59.63 🟢 +0.54%
2026-03-24 07:05:12,857 - INFO - ✅ 헬스케어 (XLV): 144.77 🔴 -0.39%
2026-03-24 07:05:13,050 - INFO - ✅ 소비재(선택) (XLY): 110.12 🟢 +2.21%
2026-03-24 07:05:13,239 - INFO - ✅ 소비재(필수) (XLP): 81.18 🔴 -0.14%
2026-03-24 07:05:13,432 - INFO - ✅ 산업 (XLI): 163.05 🟢 +0.85%
2026-03-24 07:05:13,630 - INFO - ✅ 소재 (XLB): 47.55 🟢 +1.21%
2026-03-24 07:05:13,804 - INFO - ✅ 부동산 (XLRE): 40.62 🟢 +0.07%
2026-03-24 07:05:13,996 - INFO - ✅ 유틸리티 (XLU): 44.78 🟢 +0.29%
2026-03-24 07:05:14,173 - INFO - ✅ 통신 (XLC): 112.71 🟢 +0.43%
2026-03-24 07:05:14,476 - INFO - ✅ 2년 국채 (^IRX): 3.61 🔴 -0.17%
2026-03-24 07:05:14,639 - INFO - ✅ 10년 국채 (^TNX): 4.33 🔴 -1.30%
2026-03-24 07:05:14,800 - INFO - ✅ 30년 국채 (^TYX): 4.91 🔴 -0.97%
2026-03-24 07:05:14,961 - INFO - ✅ VIX (^VIX): 26.15 🔴 -2.35%
2026-03-24 07:05:15,125 - INFO - ✅ USD/KRW (KRW=X): 1486.30 🔴 -0.24%
2026-03-24 07:05:15,287 - WARNING - ❌ WTI 유가 (CL=F): 데이터 부족
2026-03-24 07:05:15,450 - WARNING - ❌ 금 (GC=F): 데이터 부족
2026-03-24 07:05:15,537 - INFO - ✅ Fear & Greed Index: 16.388850174216 (extreme fear)
2026-03-24 07:05:15,539 - INFO - ✅ 10Y-2Y 스프레드: 0.72bp
2026-03-24 07:05:15,539 - INFO - ✅ 데이터 수집 완료
2026-03-24 07:05:15,540 - INFO - ✅ 보고서 저장: /root/.openclaw/workspace/stock/reports/us_market_20260324.txt
2026-03-24 07:05:15,645 - INFO - ✅ Oracle DB 연결 성공
2026-03-24 07:05:15,654 - INFO - ✅ 테이블 생성/확인 완료
2026-03-24 07:05:15,663 - INFO - ✅ DB 저장 완료: 21개 레코드
2026-03-24 07:05:15,664 - INFO - ✅ DB 연결 종료
2026-03-24 07:05:15,664 - INFO - ✅ 분석 완료!
2026-03-25 07:00:03,238 - INFO - ==================================================
2026-03-25 07:00:03,238 - INFO - 🚀 미국 시장 분석 시작
2026-03-25 07:00:03,238 - INFO - ==================================================
2026-03-25 07:00:03,238 - INFO - 🚀 시장 데이터 수집 시작...
2026-03-25 07:00:04,312 - INFO - ✅ S&P 500 (^GSPC): 6556.37 🔴 -0.37%
2026-03-25 07:00:04,472 - INFO - ✅ NASDAQ (^IXIC): 21761.89 🔴 -0.84%
2026-03-25 07:00:04,650 - INFO - ✅ Dow Jones (^DJI): 46124.06 🔴 -0.18%
2026-03-25 07:00:04,815 - INFO - ✅ SOX 반도체 (^SOX): 7872.71 🟢 +1.28%
2026-03-25 07:00:04,979 - INFO - ✅ Russell 2000 (^RUT): 2505.44 🟢 +0.45%
2026-03-25 07:00:05,213 - INFO - ✅ 기술 (XLK): 136.15 🔴 -0.58%
2026-03-25 07:00:05,415 - INFO - ✅ 금융 (XLF): 49.28 🟢 +0.02%
2026-03-25 07:00:05,609 - INFO - ✅ 에너지 (XLE): 60.84 🟢 +2.03%
2026-03-25 07:00:05,801 - INFO - ✅ 헬스케어 (XLV): 144.79 🟢 +0.01%
2026-03-25 07:00:06,012 - INFO - ✅ 소비재(선택) (XLY): 109.68 🔴 -0.40%
2026-03-25 07:00:06,219 - INFO - ✅ 소비재(필수) (XLP): 81.11 🔴 -0.09%
2026-03-25 07:00:06,435 - INFO - ✅ 산업 (XLI): 164.00 🟢 +0.58%
2026-03-25 07:00:06,633 - INFO - ✅ 소재 (XLB): 48.45 🟢 +1.89%
2026-03-25 07:00:06,805 - INFO - ✅ 부동산 (XLRE): 40.29 🔴 -0.81%
2026-03-25 07:00:07,013 - INFO - ✅ 유틸리티 (XLU): 45.09 🟢 +0.69%
2026-03-25 07:00:07,186 - INFO - ✅ 통신 (XLC): 111.13 🔴 -1.40%
2026-03-25 07:00:07,346 - INFO - ✅ 2년 국채 (^IRX): 3.62 🟢 +0.22%
2026-03-25 07:00:07,507 - INFO - ✅ 10년 국채 (^TNX): 4.39 🟢 +1.34%
2026-03-25 07:00:07,671 - INFO - ✅ 30년 국채 (^TYX): 4.94 🟢 +0.59%
2026-03-25 07:00:07,836 - INFO - ✅ VIX (^VIX): 26.95 🟢 +3.06%
2026-03-25 07:00:08,004 - INFO - ✅ USD/KRW (KRW=X): 1498.50 🔴 -0.38%
2026-03-25 07:00:08,161 - INFO - ✅ WTI 유가 (CL=F): 88.39 🟢 +0.30%
2026-03-25 07:00:08,318 - INFO - ✅ 금 (GC=F): 4474.90 🟢 +1.61%
2026-03-25 07:00:08,370 - INFO - ✅ Fear & Greed Index: 14.4526678141136 (extreme fear)
2026-03-25 07:00:08,371 - INFO - ✅ 10Y-2Y 스프레드: 0.77bp
2026-03-25 07:00:08,371 - INFO - ✅ 데이터 수집 완료
2026-03-25 07:00:08,371 - INFO - ✅ 보고서 저장: /root/.openclaw/workspace/stock/reports/us_market_20260325.txt
2026-03-25 07:00:08,450 - INFO - ✅ Oracle DB 연결 성공
2026-03-25 07:00:08,488 - INFO - ✅ 테이블 생성/확인 완료
2026-03-25 07:00:08,495 - INFO - ✅ DB 저장 완료: 23개 레코드
2026-03-25 07:00:08,497 - INFO - ✅ DB 연결 종료
2026-03-25 07:00:08,497 - INFO - ✅ 분석 완료!
2026-03-26 07:00:02,616 - INFO - ==================================================
2026-03-26 07:00:02,617 - INFO - 🚀 미국 시장 분석 시작
2026-03-26 07:00:02,617 - INFO - ==================================================
2026-03-26 07:00:02,617 - INFO - 🚀 시장 데이터 수집 시작...
2026-03-26 07:00:03,665 - INFO - ✅ S&P 500 (^GSPC): 6591.90 🟢 +0.54%
2026-03-26 07:00:03,826 - INFO - ✅ NASDAQ (^IXIC): 21929.83 🟢 +0.77%
2026-03-26 07:00:03,989 - INFO - ✅ Dow Jones (^DJI): 46429.49 🟢 +0.66%
2026-03-26 07:00:04,291 - INFO - ✅ SOX 반도체 (^SOX): 7967.75 🟢 +1.21%
2026-03-26 07:00:04,453 - INFO - ✅ Russell 2000 (^RUT): 2536.38 🟢 +1.23%
2026-03-26 07:00:04,678 - INFO - ✅ 기술 (XLK): 136.76 🟢 +0.45%
2026-03-26 07:00:04,880 - INFO - ✅ 금융 (XLF): 49.34 🟢 +0.12%
2026-03-26 07:00:05,080 - INFO - ✅ 에너지 (XLE): 60.57 🔴 -0.44%
2026-03-26 07:00:05,301 - INFO - ✅ 헬스케어 (XLV): 146.24 🟢 +1.00%
2026-03-26 07:00:05,496 - INFO - ✅ 소비재(선택) (XLY): 110.73 🟢 +0.96%
2026-03-26 07:00:05,699 - INFO - ✅ 소비재(필수) (XLP): 81.51 🟢 +0.49%
2026-03-26 07:00:05,928 - INFO - ✅ 산업 (XLI): 165.10 🟢 +0.67%
2026-03-26 07:00:06,123 - INFO - ✅ 소재 (XLB): 49.41 🟢 +1.98%
2026-03-26 07:00:06,328 - INFO - ✅ 부동산 (XLRE): 40.27 🔴 -0.05%
2026-03-26 07:00:06,581 - INFO - ✅ 유틸리티 (XLU): 45.25 🟢 +0.35%
2026-03-26 07:00:06,748 - INFO - ✅ 통신 (XLC): 111.44 🟢 +0.28%
2026-03-26 07:00:06,908 - INFO - ✅ 2년 국채 (^IRX): 3.62 🟢 +0.00%
2026-03-26 07:00:07,069 - INFO - ✅ 10년 국채 (^TNX): 4.33 🔴 -1.46%
2026-03-26 07:00:07,229 - INFO - ✅ 30년 국채 (^TYX): 4.90 🔴 -0.89%
2026-03-26 07:00:07,387 - INFO - ✅ VIX (^VIX): 25.33 🔴 -6.01%
2026-03-26 07:00:07,548 - INFO - ✅ USD/KRW (KRW=X): 1502.73 🟢 +1.17%
2026-03-26 07:00:07,709 - INFO - ✅ WTI 유가 (CL=F): 91.29 🔴 -1.15%
2026-03-26 07:00:07,867 - INFO - ✅ 금 (GC=F): 4503.30 🟢 +2.36%
2026-03-26 07:00:07,919 - INFO - ✅ Fear & Greed Index: 19.2571428571429 (extreme fear)
2026-03-26 07:00:07,919 - INFO - ✅ 10Y-2Y 스프레드: 0.71bp
2026-03-26 07:00:07,919 - INFO - ✅ 데이터 수집 완료
2026-03-26 07:00:07,920 - INFO - ✅ 보고서 저장: /root/.openclaw/workspace/stock/reports/us_market_20260326.txt
2026-03-26 07:00:07,986 - INFO - ✅ Oracle DB 연결 성공
2026-03-26 07:00:07,993 - INFO - ✅ 테이블 생성/확인 완료
2026-03-26 07:00:08,008 - INFO - ✅ DB 저장 완료: 23개 레코드
2026-03-26 07:00:08,009 - INFO - ✅ DB 연결 종료
2026-03-26 07:00:08,009 - INFO - ✅ 분석 완료!
2026-03-27 07:00:02,878 - INFO - ==================================================
2026-03-27 07:00:02,879 - INFO - 🚀 미국 시장 분석 시작
2026-03-27 07:00:02,880 - INFO - ==================================================
2026-03-27 07:00:02,880 - INFO - 🚀 시장 데이터 수집 시작...
2026-03-27 07:00:03,771 - INFO - ✅ S&P 500 (^GSPC): 6477.16 🔴 -1.74%
2026-03-27 07:00:03,940 - INFO - ✅ NASDAQ (^IXIC): 21408.08 🔴 -2.38%
2026-03-27 07:00:04,115 - INFO - ✅ Dow Jones (^DJI): 45960.11 🔴 -1.01%
2026-03-27 07:00:04,297 - INFO - ✅ SOX 반도체 (^SOX): 7585.87 🔴 -4.79%
2026-03-27 07:00:04,473 - INFO - ✅ Russell 2000 (^RUT): 2493.32 🔴 -1.70%
2026-03-27 07:00:04,683 - INFO - ✅ 기술 (XLK): 132.50 🔴 -3.11%
2026-03-27 07:00:04,892 - INFO - ✅ 금융 (XLF): 49.05 🔴 -0.59%
2026-03-27 07:00:05,113 - INFO - ✅ 에너지 (XLE): 61.52 🟢 +1.57%
2026-03-27 07:00:05,331 - INFO - ✅ 헬스케어 (XLV): 145.74 🔴 -0.34%
2026-03-27 07:00:05,535 - INFO - ✅ 소비재(선택) (XLY): 108.83 🔴 -1.72%
2026-03-27 07:00:05,779 - INFO - ✅ 소비재(필수) (XLP): 81.14 🔴 -0.45%
2026-03-27 07:00:06,000 - INFO - ✅ 산업 (XLI): 161.27 🔴 -2.32%
2026-03-27 07:00:06,206 - INFO - ✅ 소재 (XLB): 49.09 🔴 -0.65%
2026-03-27 07:00:06,411 - INFO - ✅ 부동산 (XLRE): 40.29 🟢 +0.05%
2026-03-27 07:00:06,616 - INFO - ✅ 유틸리티 (XLU): 45.33 🟢 +0.18%
2026-03-27 07:00:06,804 - INFO - ✅ 통신 (XLC): 108.81 🔴 -2.36%
2026-03-27 07:00:07,104 - INFO - ✅ 2년 국채 (^IRX): 3.62 🟢 +0.00%
2026-03-27 07:00:07,269 - INFO - ✅ 10년 국채 (^TNX): 4.42 🟢 +2.03%
2026-03-27 07:00:07,432 - INFO - ✅ 30년 국채 (^TYX): 4.94 🟢 +0.80%
2026-03-27 07:00:07,593 - INFO - ✅ VIX (^VIX): 27.44 🟢 +8.33%
2026-03-27 07:00:07,755 - INFO - ✅ USD/KRW (KRW=X): 1507.46 🟢 +0.68%
2026-03-27 07:00:07,932 - INFO - ✅ WTI 유가 (CL=F): 93.79 🟢 +3.84%
2026-03-27 07:00:08,099 - INFO - ✅ 금 (GC=F): 4376.90 🔴 -3.80%
2026-03-27 07:00:08,163 - INFO - ✅ Fear & Greed Index: 18.1517006802721 (extreme fear)
2026-03-27 07:00:08,164 - INFO - ✅ 10Y-2Y 스프레드: 0.80bp
2026-03-27 07:00:08,164 - INFO - ✅ 데이터 수집 완료
2026-03-27 07:00:08,166 - INFO - ✅ 보고서 저장: /root/.openclaw/workspace/stock/reports/us_market_20260327.txt
2026-03-27 07:00:08,249 - INFO - ✅ Oracle DB 연결 성공
2026-03-27 07:00:08,283 - INFO - ✅ 테이블 생성/확인 완료
2026-03-27 07:00:08,328 - INFO - ✅ DB 저장 완료: 23개 레코드
2026-03-27 07:00:08,331 - INFO - ✅ DB 연결 종료
2026-03-27 07:00:08,331 - INFO - ✅ 분석 완료!
