2026-03-22 07:00:02,834 - INFO - ==================================================
2026-03-22 07:00:02,834 - INFO - 🚀 미국 시장 분석 시작
2026-03-22 07:00:02,835 - INFO - ==================================================
2026-03-22 07:00:02,835 - INFO - 🚀 시장 데이터 수집 시작...
2026-03-22 07:00:03,689 - INFO - ✅ S&P 500 (^GSPC): 6506.48 🔴 -1.51%
2026-03-22 07:00:03,846 - INFO - ✅ NASDAQ (^IXIC): 21647.61 🔴 -2.01%
2026-03-22 07:00:04,006 - INFO - ✅ Dow Jones (^DJI): 45577.47 🔴 -0.96%
2026-03-22 07:00:04,169 - INFO - ✅ SOX 반도체 (^SOX): 7670.61 🔴 -2.45%
2026-03-22 07:00:04,365 - INFO - ✅ Russell 2000 (^RUT): 2438.45 🔴 -2.26%
2026-03-22 07:00:04,557 - INFO - ✅ 기술 (XLK): 135.29 🔴 -2.27%
2026-03-22 07:00:04,766 - INFO - ✅ 금융 (XLF): 49.08 🟢 +0.18%
2026-03-22 07:00:04,958 - INFO - ✅ 에너지 (XLE): 59.31 🔴 -0.08%
2026-03-22 07:00:05,154 - INFO - ✅ 헬스케어 (XLV): 145.33 🔴 -0.87%
2026-03-22 07:00:05,351 - INFO - ✅ 소비재(선택) (XLY): 107.74 🔴 -1.79%
2026-03-22 07:00:05,570 - INFO - ✅ 소비재(필수) (XLP): 81.29 🔴 -0.83%
2026-03-22 07:00:05,775 - INFO - ✅ 산업 (XLI): 161.67 🔴 -1.46%
2026-03-22 07:00:05,970 - INFO - ✅ 소재 (XLB): 46.98 🔴 -1.59%
2026-03-22 07:00:06,149 - INFO - ✅ 부동산 (XLRE): 40.59 🔴 -3.17%
2026-03-22 07:00:06,345 - INFO - ✅ 유틸리티 (XLU): 44.65 🔴 -4.06%
2026-03-22 07:00:06,517 - INFO - ✅ 통신 (XLC): 112.23 🔴 -0.80%
2026-03-22 07:00:06,677 - INFO - ✅ 2년 국채 (^IRX): 3.62 🟢 +0.17%
2026-03-22 07:00:06,838 - INFO - ✅ 10년 국채 (^TNX): 4.39 🟢 +2.57%
2026-03-22 07:00:06,997 - INFO - ✅ 30년 국채 (^TYX): 4.96 🟢 +2.23%
2026-03-22 07:00:07,157 - INFO - ✅ VIX (^VIX): 26.78 🟢 +11.31%
2026-03-22 07:00:07,454 - INFO - ✅ USD/KRW (KRW=X): 1504.83 🔴 -0.03%
2026-03-22 07:00:07,613 - INFO - ✅ WTI 유가 (CL=F): 98.23 🟢 +2.17%
2026-03-22 07:00:07,771 - INFO - ✅ 금 (GC=F): 4574.90 🔴 -0.56%
2026-03-22 07:00:07,825 - INFO - ✅ Fear & Greed Index: 14.5915343915344 (extreme fear)
2026-03-22 07:00:07,825 - INFO - ✅ 10Y-2Y 스프레드: 0.77bp
2026-03-22 07:00:07,825 - INFO - ✅ 데이터 수집 완료
2026-03-22 07:00:07,826 - INFO - ✅ 보고서 저장: /root/.openclaw/workspace/stock/reports/us_market_20260322.txt
2026-03-22 07:00:07,889 - INFO - ✅ Oracle DB 연결 성공
2026-03-22 07:00:07,896 - INFO - ✅ 테이블 생성/확인 완료
2026-03-22 07:00:07,905 - INFO - ✅ DB 저장 완료: 23개 레코드
2026-03-22 07:00:07,907 - INFO - ✅ DB 연결 종료
2026-03-22 07:00:07,907 - INFO - ✅ 분석 완료!

============================================================
📊 미국 시장 분석 보고서
============================================================
# 🇺🇸 미국 증시 마감 분석 - 2026년 03월 22일

보고서 생성: 2026-03-22 07:00:07

## 📊 주요 지수
💀 **S&P 500**: $6506.48 🔴 -1.51%
💀 **NASDAQ**: $21647.61 🔴 -2.01%
🔴 **Dow Jones**: $45577.47 🔴 -0.96%
💀 **SOX 반도체**: $7670.61 🔴 -2.45%
💀 **Russell 2000**: $2438.45 🔴 -2.26%

## 🏭 섹터별 ETF
💀 **기술**: $135.29 🔴 -2.27%
🟡 **금융**: $49.08 🟢 +0.18%
🟠 **에너지**: $59.31 🔴 -0.08%
🔴 **헬스케어**: $145.33 🔴 -0.87%
💀 **소비재(선택)**: $107.74 🔴 -1.79%
🔴 **소비재(필수)**: $81.29 🔴 -0.83%
💀 **산업**: $161.67 🔴 -1.46%
💀 **소재**: $46.98 🔴 -1.59%
💀 **부동산**: $40.59 🔴 -3.17%
💀 **유틸리티**: $44.65 🔴 -4.06%
🔴 **통신**: $112.23 🔴 -0.80%

## 📈 채권 수익률
🟡 **2년 국채**: $3.62 🟢 +0.17%
🚀 **10년 국채**: $4.39 🟢 +2.57%
🚀 **30년 국채**: $4.96 🟢 +2.23%
🟢 **10Y-2Y 스프레드**: 0.77bp

## 📋 기타 지표
🚀 **VIX**: $26.78 🟢 +11.31%
🟠 **USD/KRW**: $1504.83 🔴 -0.03%
🚀 **WTI 유가**: $98.23 🟢 +2.17%
🔴 **금**: $4574.90 🔴 -0.56%

## 😰 Fear & Greed Index
🔴 **extreme fear**: 14.6/100

## 📝 오늘의 시장 요약
• 주요 지수는 **하락세**로 마감
• VIX 26.8 - 변동성 **보통**
• 투자 심리: **extreme fear**


========================================
💬 채팅용 요약
========================================
🇺🇸 미국 증시 마감 요약
💀 S&P 500: 🔴 -1.51%
💀 NASDAQ: 🔴 -2.01%
🔴 Dow Jones: 🔴 -0.96%
📊 VIX: 26.8
😰 F&G: 14.6/100 (extreme fear)
2026-03-23 07:00:01,938 - INFO - ==================================================
2026-03-23 07:00:01,938 - INFO - 🚀 미국 시장 분석 시작
2026-03-23 07:00:01,938 - INFO - ==================================================
2026-03-23 07:00:01,939 - INFO - 🚀 시장 데이터 수집 시작...
2026-03-23 07:00:03,362 - INFO - ✅ S&P 500 (^GSPC): 6506.48 🔴 -1.51%
2026-03-23 07:00:03,523 - INFO - ✅ NASDAQ (^IXIC): 21647.61 🔴 -2.01%
2026-03-23 07:00:03,684 - INFO - ✅ Dow Jones (^DJI): 45577.47 🔴 -0.96%
2026-03-23 07:00:03,846 - INFO - ✅ SOX 반도체 (^SOX): 7670.61 🔴 -2.45%
2026-03-23 07:00:04,004 - INFO - ✅ Russell 2000 (^RUT): 2438.45 🔴 -2.26%
2026-03-23 07:00:04,194 - INFO - ✅ 기술 (XLK): 135.29 🔴 -2.27%
2026-03-23 07:00:04,410 - INFO - ✅ 금융 (XLF): 49.08 🟢 +0.18%
2026-03-23 07:00:04,602 - INFO - ✅ 에너지 (XLE): 59.31 🔴 -0.08%
2026-03-23 07:00:04,792 - INFO - ✅ 헬스케어 (XLV): 145.33 🔴 -0.87%
2026-03-23 07:00:04,979 - INFO - ✅ 소비재(선택) (XLY): 107.74 🔴 -1.79%
2026-03-23 07:00:05,184 - INFO - ✅ 소비재(필수) (XLP): 81.29 🔴 -0.83%
2026-03-23 07:00:05,399 - INFO - ✅ 산업 (XLI): 161.67 🔴 -1.46%
2026-03-23 07:00:05,595 - INFO - ✅ 소재 (XLB): 46.98 🔴 -1.59%
2026-03-23 07:00:05,906 - INFO - ✅ 부동산 (XLRE): 40.59 🔴 -3.17%
2026-03-23 07:00:06,102 - INFO - ✅ 유틸리티 (XLU): 44.65 🔴 -4.06%
2026-03-23 07:00:06,274 - INFO - ✅ 통신 (XLC): 112.23 🔴 -0.80%
2026-03-23 07:00:06,443 - INFO - ✅ 2년 국채 (^IRX): 3.62 🟢 +0.17%
2026-03-23 07:00:06,602 - INFO - ✅ 10년 국채 (^TNX): 4.39 🟢 +2.57%
2026-03-23 07:00:06,760 - INFO - ✅ 30년 국채 (^TYX): 4.96 🟢 +2.23%
2026-03-23 07:00:06,925 - INFO - ✅ VIX (^VIX): 26.78 🟢 +11.31%
2026-03-23 07:00:07,093 - INFO - ✅ USD/KRW (KRW=X): 1503.94 🟢 +0.95%
2026-03-23 07:00:07,333 - WARNING - ❌ WTI 유가 (CL=F): 데이터 부족
2026-03-23 07:00:07,503 - WARNING - ❌ 금 (GC=F): 데이터 부족
2026-03-23 07:00:07,561 - INFO - ✅ Fear & Greed Index: 14.5915343915344 (extreme fear)
2026-03-23 07:00:07,562 - INFO - ✅ 10Y-2Y 스프레드: 0.77bp
2026-03-23 07:00:07,562 - INFO - ✅ 데이터 수집 완료
2026-03-23 07:00:07,563 - INFO - ✅ 보고서 저장: /root/.openclaw/workspace/stock/reports/us_market_20260323.txt
2026-03-23 07:00:07,690 - INFO - ✅ Oracle DB 연결 성공
2026-03-23 07:00:07,708 - INFO - ✅ 테이블 생성/확인 완료
2026-03-23 07:00:07,718 - INFO - ✅ DB 저장 완료: 21개 레코드
2026-03-23 07:00:07,720 - INFO - ✅ DB 연결 종료
2026-03-23 07:00:07,721 - INFO - ✅ 분석 완료!

============================================================
📊 미국 시장 분석 보고서
============================================================
# 🇺🇸 미국 증시 마감 분석 - 2026년 03월 23일

보고서 생성: 2026-03-23 07:00:07

## 📊 주요 지수
💀 **S&P 500**: $6506.48 🔴 -1.51%
💀 **NASDAQ**: $21647.61 🔴 -2.01%
🔴 **Dow Jones**: $45577.47 🔴 -0.96%
💀 **SOX 반도체**: $7670.61 🔴 -2.45%
💀 **Russell 2000**: $2438.45 🔴 -2.26%

## 🏭 섹터별 ETF
💀 **기술**: $135.29 🔴 -2.27%
🟡 **금융**: $49.08 🟢 +0.18%
🟠 **에너지**: $59.31 🔴 -0.08%
🔴 **헬스케어**: $145.33 🔴 -0.87%
💀 **소비재(선택)**: $107.74 🔴 -1.79%
🔴 **소비재(필수)**: $81.29 🔴 -0.83%
💀 **산업**: $161.67 🔴 -1.46%
💀 **소재**: $46.98 🔴 -1.59%
💀 **부동산**: $40.59 🔴 -3.17%
💀 **유틸리티**: $44.65 🔴 -4.06%
🔴 **통신**: $112.23 🔴 -0.80%

## 📈 채권 수익률
🟡 **2년 국채**: $3.62 🟢 +0.17%
🚀 **10년 국채**: $4.39 🟢 +2.57%
🚀 **30년 국채**: $4.96 🟢 +2.23%
🟢 **10Y-2Y 스프레드**: 0.77bp

## 📋 기타 지표
🚀 **VIX**: $26.78 🟢 +11.31%
🟢 **USD/KRW**: $1503.94 🟢 +0.95%

## 😰 Fear & Greed Index
🔴 **extreme fear**: 14.6/100

## 📝 오늘의 시장 요약
• 주요 지수는 **하락세**로 마감
• VIX 26.8 - 변동성 **보통**
• 투자 심리: **extreme fear**


========================================
💬 채팅용 요약
========================================
🇺🇸 미국 증시 마감 요약
💀 S&P 500: 🔴 -1.51%
💀 NASDAQ: 🔴 -2.01%
🔴 Dow Jones: 🔴 -0.96%
📊 VIX: 26.8
😰 F&G: 14.6/100 (extreme fear)
2026-03-24 07:00:02,875 - INFO - ==================================================
2026-03-24 07:00:02,876 - INFO - 🚀 미국 시장 분석 시작
2026-03-24 07:00:02,876 - INFO - ==================================================
2026-03-24 07:00:02,876 - INFO - 🚀 시장 데이터 수집 시작...
2026-03-24 07:00:03,772 - ERROR - ❌ S&P 500 (^GSPC) 데이터 가져오기 실패: 'NoneType' object is not subscriptable
2026-03-24 07:00:04,083 - INFO - ✅ NASDAQ (^IXIC): 21946.76 🟢 +1.38%
2026-03-24 07:00:04,245 - INFO - ✅ Dow Jones (^DJI): 46208.47 🟢 +1.38%
2026-03-24 07:00:04,413 - INFO - ✅ SOX 반도체 (^SOX): 7773.13 🟢 +1.34%
2026-03-24 07:00:04,575 - INFO - ✅ Russell 2000 (^RUT): 2494.23 🟢 +2.29%
2026-03-24 07:00:04,808 - INFO - ✅ 기술 (XLK): 136.95 🟢 +1.23%
2026-03-24 07:00:05,129 - INFO - ✅ 금융 (XLF): 49.27 🟢 +0.39%
2026-03-24 07:00:05,357 - INFO - ✅ 에너지 (XLE): 59.63 🟢 +0.54%
2026-03-24 07:00:05,625 - INFO - ✅ 헬스케어 (XLV): 144.77 🔴 -0.39%
2026-03-24 07:00:05,826 - INFO - ✅ 소비재(선택) (XLY): 110.12 🟢 +2.21%
2026-03-24 07:00:06,021 - INFO - ✅ 소비재(필수) (XLP): 81.18 🔴 -0.14%
2026-03-24 07:00:06,224 - INFO - ✅ 산업 (XLI): 163.05 🟢 +0.85%
2026-03-24 07:00:06,442 - INFO - ✅ 소재 (XLB): 47.55 🟢 +1.21%
2026-03-24 07:00:06,625 - INFO - ✅ 부동산 (XLRE): 40.62 🟢 +0.07%
2026-03-24 07:00:06,831 - INFO - ✅ 유틸리티 (XLU): 44.78 🟢 +0.29%
2026-03-24 07:00:07,018 - INFO - ✅ 통신 (XLC): 112.71 🟢 +0.43%
2026-03-24 07:00:07,185 - INFO - ✅ 2년 국채 (^IRX): 3.61 🔴 -0.17%
2026-03-24 07:00:07,355 - INFO - ✅ 10년 국채 (^TNX): 4.33 🔴 -1.30%
2026-03-24 07:00:07,527 - INFO - ✅ 30년 국채 (^TYX): 4.91 🔴 -0.97%
2026-03-24 07:00:07,698 - INFO - ✅ VIX (^VIX): 26.15 🔴 -2.35%
2026-03-24 07:00:07,875 - INFO - ✅ USD/KRW (KRW=X): 1486.30 🔴 -0.24%
2026-03-24 07:00:08,053 - WARNING - ❌ WTI 유가 (CL=F): 데이터 부족
2026-03-24 07:00:08,237 - WARNING - ❌ 금 (GC=F): 데이터 부족
2026-03-24 07:00:08,308 - INFO - ✅ Fear & Greed Index: 16.388850174216 (extreme fear)
2026-03-24 07:00:08,310 - INFO - ✅ 10Y-2Y 스프레드: 0.72bp
2026-03-24 07:00:08,311 - INFO - ✅ 데이터 수집 완료
2026-03-24 07:00:08,314 - INFO - ✅ 보고서 저장: /root/.openclaw/workspace/stock/reports/us_market_20260324.txt
2026-03-24 07:00:08,620 - INFO - ✅ Oracle DB 연결 성공
2026-03-24 07:00:08,634 - INFO - ✅ 테이블 생성/확인 완료
2026-03-24 07:00:08,644 - INFO - ✅ DB 저장 완료: 20개 레코드
2026-03-24 07:00:08,649 - INFO - ✅ DB 연결 종료
2026-03-24 07:00:08,650 - INFO - ✅ 분석 완료!

============================================================
📊 미국 시장 분석 보고서
============================================================
# 🇺🇸 미국 증시 마감 분석 - 2026년 03월 24일

보고서 생성: 2026-03-24 07:00:08

## 📊 주요 지수
🚀 **NASDAQ**: $21946.76 🟢 +1.38%
🚀 **Dow Jones**: $46208.47 🟢 +1.38%
🚀 **SOX 반도체**: $7773.13 🟢 +1.34%
🚀 **Russell 2000**: $2494.23 🟢 +2.29%

## 🏭 섹터별 ETF
🚀 **기술**: $136.95 🟢 +1.23%
🟡 **금융**: $49.27 🟢 +0.39%
🟢 **에너지**: $59.63 🟢 +0.54%
🟠 **헬스케어**: $144.77 🔴 -0.39%
🚀 **소비재(선택)**: $110.12 🟢 +2.21%
🟠 **소비재(필수)**: $81.18 🔴 -0.14%
🟢 **산업**: $163.05 🟢 +0.85%
🚀 **소재**: $47.55 🟢 +1.21%
🟡 **부동산**: $40.62 🟢 +0.07%
🟡 **유틸리티**: $44.78 🟢 +0.29%
🟡 **통신**: $112.71 🟢 +0.43%

## 📈 채권 수익률
🟠 **2년 국채**: $3.61 🔴 -0.17%
💀 **10년 국채**: $4.33 🔴 -1.30%
🔴 **30년 국채**: $4.91 🔴 -0.97%
🟢 **10Y-2Y 스프레드**: 0.72bp

## 📋 기타 지표
💀 **VIX**: $26.15 🔴 -2.35%
🟠 **USD/KRW**: $1486.30 🔴 -0.24%

## 😰 Fear & Greed Index
🔴 **extreme fear**: 16.4/100

## 📝 오늘의 시장 요약
• VIX 26.1 - 변동성 **보통**
• 투자 심리: **extreme fear**


========================================
💬 채팅용 요약
========================================
🇺🇸 미국 증시 마감 요약
🚀 NASDAQ: 🟢 +1.38%
🚀 Dow Jones: 🟢 +1.38%
📊 VIX: 26.1
😰 F&G: 16.4/100 (extreme fear)
2026-03-25 07:00:03,238 - INFO - ==================================================
2026-03-25 07:00:03,238 - INFO - 🚀 미국 시장 분석 시작
2026-03-25 07:00:03,238 - INFO - ==================================================
2026-03-25 07:00:03,238 - INFO - 🚀 시장 데이터 수집 시작...
2026-03-25 07:00:04,312 - INFO - ✅ S&P 500 (^GSPC): 6556.37 🔴 -0.37%
2026-03-25 07:00:04,472 - INFO - ✅ NASDAQ (^IXIC): 21761.89 🔴 -0.84%
2026-03-25 07:00:04,650 - INFO - ✅ Dow Jones (^DJI): 46124.06 🔴 -0.18%
2026-03-25 07:00:04,815 - INFO - ✅ SOX 반도체 (^SOX): 7872.71 🟢 +1.28%
2026-03-25 07:00:04,979 - INFO - ✅ Russell 2000 (^RUT): 2505.44 🟢 +0.45%
2026-03-25 07:00:05,213 - INFO - ✅ 기술 (XLK): 136.15 🔴 -0.58%
2026-03-25 07:00:05,415 - INFO - ✅ 금융 (XLF): 49.28 🟢 +0.02%
2026-03-25 07:00:05,609 - INFO - ✅ 에너지 (XLE): 60.84 🟢 +2.03%
2026-03-25 07:00:05,801 - INFO - ✅ 헬스케어 (XLV): 144.79 🟢 +0.01%
2026-03-25 07:00:06,012 - INFO - ✅ 소비재(선택) (XLY): 109.68 🔴 -0.40%
2026-03-25 07:00:06,219 - INFO - ✅ 소비재(필수) (XLP): 81.11 🔴 -0.09%
2026-03-25 07:00:06,435 - INFO - ✅ 산업 (XLI): 164.00 🟢 +0.58%
2026-03-25 07:00:06,633 - INFO - ✅ 소재 (XLB): 48.45 🟢 +1.89%
2026-03-25 07:00:06,805 - INFO - ✅ 부동산 (XLRE): 40.29 🔴 -0.81%
2026-03-25 07:00:07,013 - INFO - ✅ 유틸리티 (XLU): 45.09 🟢 +0.69%
2026-03-25 07:00:07,186 - INFO - ✅ 통신 (XLC): 111.13 🔴 -1.40%
2026-03-25 07:00:07,346 - INFO - ✅ 2년 국채 (^IRX): 3.62 🟢 +0.22%
2026-03-25 07:00:07,507 - INFO - ✅ 10년 국채 (^TNX): 4.39 🟢 +1.34%
2026-03-25 07:00:07,671 - INFO - ✅ 30년 국채 (^TYX): 4.94 🟢 +0.59%
2026-03-25 07:00:07,836 - INFO - ✅ VIX (^VIX): 26.95 🟢 +3.06%
2026-03-25 07:00:08,004 - INFO - ✅ USD/KRW (KRW=X): 1498.50 🔴 -0.38%
2026-03-25 07:00:08,161 - INFO - ✅ WTI 유가 (CL=F): 88.39 🟢 +0.30%
2026-03-25 07:00:08,318 - INFO - ✅ 금 (GC=F): 4474.90 🟢 +1.61%
2026-03-25 07:00:08,370 - INFO - ✅ Fear & Greed Index: 14.4526678141136 (extreme fear)
2026-03-25 07:00:08,371 - INFO - ✅ 10Y-2Y 스프레드: 0.77bp
2026-03-25 07:00:08,371 - INFO - ✅ 데이터 수집 완료
2026-03-25 07:00:08,371 - INFO - ✅ 보고서 저장: /root/.openclaw/workspace/stock/reports/us_market_20260325.txt
2026-03-25 07:00:08,450 - INFO - ✅ Oracle DB 연결 성공
2026-03-25 07:00:08,488 - INFO - ✅ 테이블 생성/확인 완료
2026-03-25 07:00:08,495 - INFO - ✅ DB 저장 완료: 23개 레코드
2026-03-25 07:00:08,497 - INFO - ✅ DB 연결 종료
2026-03-25 07:00:08,497 - INFO - ✅ 분석 완료!

============================================================
📊 미국 시장 분석 보고서
============================================================
# 🇺🇸 미국 증시 마감 분석 - 2026년 03월 25일

보고서 생성: 2026-03-25 07:00:08

## 📊 주요 지수
🟠 **S&P 500**: $6556.37 🔴 -0.37%
🔴 **NASDAQ**: $21761.89 🔴 -0.84%
🟠 **Dow Jones**: $46124.06 🔴 -0.18%
🚀 **SOX 반도체**: $7872.71 🟢 +1.28%
🟡 **Russell 2000**: $2505.44 🟢 +0.45%

## 🏭 섹터별 ETF
🔴 **기술**: $136.15 🔴 -0.58%
🟡 **금융**: $49.28 🟢 +0.02%
🚀 **에너지**: $60.84 🟢 +2.03%
🟡 **헬스케어**: $144.79 🟢 +0.01%
🟠 **소비재(선택)**: $109.68 🔴 -0.40%
🟠 **소비재(필수)**: $81.11 🔴 -0.09%
🟢 **산업**: $164.00 🟢 +0.58%
🚀 **소재**: $48.45 🟢 +1.89%
🔴 **부동산**: $40.29 🔴 -0.81%
🟢 **유틸리티**: $45.09 🟢 +0.69%
💀 **통신**: $111.13 🔴 -1.40%

## 📈 채권 수익률
🟡 **2년 국채**: $3.62 🟢 +0.22%
🚀 **10년 국채**: $4.39 🟢 +1.34%
🟢 **30년 국채**: $4.94 🟢 +0.59%
🟢 **10Y-2Y 스프레드**: 0.77bp

## 📋 기타 지표
🚀 **VIX**: $26.95 🟢 +3.06%
🟠 **USD/KRW**: $1498.50 🔴 -0.38%
🟡 **WTI 유가**: $88.39 🟢 +0.30%
🚀 **금**: $4474.90 🟢 +1.61%

## 😰 Fear & Greed Index
🔴 **extreme fear**: 14.5/100

## 📝 오늘의 시장 요약
• 주요 지수는 **하락세**로 마감
• VIX 27.0 - 변동성 **보통**
• 투자 심리: **extreme fear**


========================================
💬 채팅용 요약
========================================
🇺🇸 미국 증시 마감 요약
🟠 S&P 500: 🔴 -0.37%
🔴 NASDAQ: 🔴 -0.84%
🟠 Dow Jones: 🔴 -0.18%
📊 VIX: 27.0
😰 F&G: 14.5/100 (extreme fear)
2026-03-26 07:00:02,616 - INFO - ==================================================
2026-03-26 07:00:02,617 - INFO - 🚀 미국 시장 분석 시작
2026-03-26 07:00:02,617 - INFO - ==================================================
2026-03-26 07:00:02,617 - INFO - 🚀 시장 데이터 수집 시작...
2026-03-26 07:00:03,665 - INFO - ✅ S&P 500 (^GSPC): 6591.90 🟢 +0.54%
2026-03-26 07:00:03,826 - INFO - ✅ NASDAQ (^IXIC): 21929.83 🟢 +0.77%
2026-03-26 07:00:03,989 - INFO - ✅ Dow Jones (^DJI): 46429.49 🟢 +0.66%
2026-03-26 07:00:04,291 - INFO - ✅ SOX 반도체 (^SOX): 7967.75 🟢 +1.21%
2026-03-26 07:00:04,453 - INFO - ✅ Russell 2000 (^RUT): 2536.38 🟢 +1.23%
2026-03-26 07:00:04,678 - INFO - ✅ 기술 (XLK): 136.76 🟢 +0.45%
2026-03-26 07:00:04,880 - INFO - ✅ 금융 (XLF): 49.34 🟢 +0.12%
2026-03-26 07:00:05,080 - INFO - ✅ 에너지 (XLE): 60.57 🔴 -0.44%
2026-03-26 07:00:05,301 - INFO - ✅ 헬스케어 (XLV): 146.24 🟢 +1.00%
2026-03-26 07:00:05,496 - INFO - ✅ 소비재(선택) (XLY): 110.73 🟢 +0.96%
2026-03-26 07:00:05,699 - INFO - ✅ 소비재(필수) (XLP): 81.51 🟢 +0.49%
2026-03-26 07:00:05,928 - INFO - ✅ 산업 (XLI): 165.10 🟢 +0.67%
2026-03-26 07:00:06,123 - INFO - ✅ 소재 (XLB): 49.41 🟢 +1.98%
2026-03-26 07:00:06,328 - INFO - ✅ 부동산 (XLRE): 40.27 🔴 -0.05%
2026-03-26 07:00:06,581 - INFO - ✅ 유틸리티 (XLU): 45.25 🟢 +0.35%
2026-03-26 07:00:06,748 - INFO - ✅ 통신 (XLC): 111.44 🟢 +0.28%
2026-03-26 07:00:06,908 - INFO - ✅ 2년 국채 (^IRX): 3.62 🟢 +0.00%
2026-03-26 07:00:07,069 - INFO - ✅ 10년 국채 (^TNX): 4.33 🔴 -1.46%
2026-03-26 07:00:07,229 - INFO - ✅ 30년 국채 (^TYX): 4.90 🔴 -0.89%
2026-03-26 07:00:07,387 - INFO - ✅ VIX (^VIX): 25.33 🔴 -6.01%
2026-03-26 07:00:07,548 - INFO - ✅ USD/KRW (KRW=X): 1502.73 🟢 +1.17%
2026-03-26 07:00:07,709 - INFO - ✅ WTI 유가 (CL=F): 91.29 🔴 -1.15%
2026-03-26 07:00:07,867 - INFO - ✅ 금 (GC=F): 4503.30 🟢 +2.36%
2026-03-26 07:00:07,919 - INFO - ✅ Fear & Greed Index: 19.2571428571429 (extreme fear)
2026-03-26 07:00:07,919 - INFO - ✅ 10Y-2Y 스프레드: 0.71bp
2026-03-26 07:00:07,919 - INFO - ✅ 데이터 수집 완료
2026-03-26 07:00:07,920 - INFO - ✅ 보고서 저장: /root/.openclaw/workspace/stock/reports/us_market_20260326.txt
2026-03-26 07:00:07,986 - INFO - ✅ Oracle DB 연결 성공
2026-03-26 07:00:07,993 - INFO - ✅ 테이블 생성/확인 완료
2026-03-26 07:00:08,008 - INFO - ✅ DB 저장 완료: 23개 레코드
2026-03-26 07:00:08,009 - INFO - ✅ DB 연결 종료
2026-03-26 07:00:08,009 - INFO - ✅ 분석 완료!

============================================================
📊 미국 시장 분석 보고서
============================================================
# 🇺🇸 미국 증시 마감 분석 - 2026년 03월 26일

보고서 생성: 2026-03-26 07:00:07

## 📊 주요 지수
🟢 **S&P 500**: $6591.90 🟢 +0.54%
🟢 **NASDAQ**: $21929.83 🟢 +0.77%
🟢 **Dow Jones**: $46429.49 🟢 +0.66%
🚀 **SOX 반도체**: $7967.75 🟢 +1.21%
🚀 **Russell 2000**: $2536.38 🟢 +1.23%

## 🏭 섹터별 ETF
🟡 **기술**: $136.76 🟢 +0.45%
🟡 **금융**: $49.34 🟢 +0.12%
🟠 **에너지**: $60.57 🔴 -0.44%
🚀 **헬스케어**: $146.24 🟢 +1.00%
🟢 **소비재(선택)**: $110.73 🟢 +0.96%
🟡 **소비재(필수)**: $81.51 🟢 +0.49%
🟢 **산업**: $165.10 🟢 +0.67%
🚀 **소재**: $49.41 🟢 +1.98%
🟠 **부동산**: $40.27 🔴 -0.05%
🟡 **유틸리티**: $45.25 🟢 +0.35%
🟡 **통신**: $111.44 🟢 +0.28%

## 📈 채권 수익률
🟡 **2년 국채**: $3.62 🟢 +0.00%
💀 **10년 국채**: $4.33 🔴 -1.46%
🔴 **30년 국채**: $4.90 🔴 -0.89%
🟢 **10Y-2Y 스프레드**: 0.71bp

## 📋 기타 지표
💀 **VIX**: $25.33 🔴 -6.01%
🚀 **USD/KRW**: $1502.73 🟢 +1.17%
💀 **WTI 유가**: $91.29 🔴 -1.15%
🚀 **금**: $4503.30 🟢 +2.36%

## 😰 Fear & Greed Index
🔴 **extreme fear**: 19.3/100

## 📝 오늘의 시장 요약
• 주요 지수는 **상승세**로 마감
• VIX 25.3 - 변동성 **보통**
• 투자 심리: **extreme fear**


========================================
💬 채팅용 요약
========================================
🇺🇸 미국 증시 마감 요약
🟢 S&P 500: 🟢 +0.54%
🟢 NASDAQ: 🟢 +0.77%
🟢 Dow Jones: 🟢 +0.66%
📊 VIX: 25.3
😰 F&G: 19.3/100 (extreme fear)
2026-03-27 07:00:02,878 - INFO - ==================================================
2026-03-27 07:00:02,879 - INFO - 🚀 미국 시장 분석 시작
2026-03-27 07:00:02,880 - INFO - ==================================================
2026-03-27 07:00:02,880 - INFO - 🚀 시장 데이터 수집 시작...
2026-03-27 07:00:03,771 - INFO - ✅ S&P 500 (^GSPC): 6477.16 🔴 -1.74%
2026-03-27 07:00:03,940 - INFO - ✅ NASDAQ (^IXIC): 21408.08 🔴 -2.38%
2026-03-27 07:00:04,115 - INFO - ✅ Dow Jones (^DJI): 45960.11 🔴 -1.01%
2026-03-27 07:00:04,297 - INFO - ✅ SOX 반도체 (^SOX): 7585.87 🔴 -4.79%
2026-03-27 07:00:04,473 - INFO - ✅ Russell 2000 (^RUT): 2493.32 🔴 -1.70%
2026-03-27 07:00:04,683 - INFO - ✅ 기술 (XLK): 132.50 🔴 -3.11%
2026-03-27 07:00:04,892 - INFO - ✅ 금융 (XLF): 49.05 🔴 -0.59%
2026-03-27 07:00:05,113 - INFO - ✅ 에너지 (XLE): 61.52 🟢 +1.57%
2026-03-27 07:00:05,331 - INFO - ✅ 헬스케어 (XLV): 145.74 🔴 -0.34%
2026-03-27 07:00:05,535 - INFO - ✅ 소비재(선택) (XLY): 108.83 🔴 -1.72%
2026-03-27 07:00:05,779 - INFO - ✅ 소비재(필수) (XLP): 81.14 🔴 -0.45%
2026-03-27 07:00:06,000 - INFO - ✅ 산업 (XLI): 161.27 🔴 -2.32%
2026-03-27 07:00:06,206 - INFO - ✅ 소재 (XLB): 49.09 🔴 -0.65%
2026-03-27 07:00:06,411 - INFO - ✅ 부동산 (XLRE): 40.29 🟢 +0.05%
2026-03-27 07:00:06,616 - INFO - ✅ 유틸리티 (XLU): 45.33 🟢 +0.18%
2026-03-27 07:00:06,804 - INFO - ✅ 통신 (XLC): 108.81 🔴 -2.36%
2026-03-27 07:00:07,104 - INFO - ✅ 2년 국채 (^IRX): 3.62 🟢 +0.00%
2026-03-27 07:00:07,269 - INFO - ✅ 10년 국채 (^TNX): 4.42 🟢 +2.03%
2026-03-27 07:00:07,432 - INFO - ✅ 30년 국채 (^TYX): 4.94 🟢 +0.80%
2026-03-27 07:00:07,593 - INFO - ✅ VIX (^VIX): 27.44 🟢 +8.33%
2026-03-27 07:00:07,755 - INFO - ✅ USD/KRW (KRW=X): 1507.46 🟢 +0.68%
2026-03-27 07:00:07,932 - INFO - ✅ WTI 유가 (CL=F): 93.79 🟢 +3.84%
2026-03-27 07:00:08,099 - INFO - ✅ 금 (GC=F): 4376.90 🔴 -3.80%
2026-03-27 07:00:08,163 - INFO - ✅ Fear & Greed Index: 18.1517006802721 (extreme fear)
2026-03-27 07:00:08,164 - INFO - ✅ 10Y-2Y 스프레드: 0.80bp
2026-03-27 07:00:08,164 - INFO - ✅ 데이터 수집 완료
2026-03-27 07:00:08,166 - INFO - ✅ 보고서 저장: /root/.openclaw/workspace/stock/reports/us_market_20260327.txt
2026-03-27 07:00:08,249 - INFO - ✅ Oracle DB 연결 성공
2026-03-27 07:00:08,283 - INFO - ✅ 테이블 생성/확인 완료
2026-03-27 07:00:08,328 - INFO - ✅ DB 저장 완료: 23개 레코드
2026-03-27 07:00:08,331 - INFO - ✅ DB 연결 종료
2026-03-27 07:00:08,331 - INFO - ✅ 분석 완료!

============================================================
📊 미국 시장 분석 보고서
============================================================
# 🇺🇸 미국 증시 마감 분석 - 2026년 03월 27일

보고서 생성: 2026-03-27 07:00:08

## 📊 주요 지수
💀 **S&P 500**: $6477.16 🔴 -1.74%
💀 **NASDAQ**: $21408.08 🔴 -2.38%
💀 **Dow Jones**: $45960.11 🔴 -1.01%
💀 **SOX 반도체**: $7585.87 🔴 -4.79%
💀 **Russell 2000**: $2493.32 🔴 -1.70%

## 🏭 섹터별 ETF
💀 **기술**: $132.50 🔴 -3.11%
🔴 **금융**: $49.05 🔴 -0.59%
🚀 **에너지**: $61.52 🟢 +1.57%
🟠 **헬스케어**: $145.74 🔴 -0.34%
💀 **소비재(선택)**: $108.83 🔴 -1.72%
🟠 **소비재(필수)**: $81.14 🔴 -0.45%
💀 **산업**: $161.27 🔴 -2.32%
🔴 **소재**: $49.09 🔴 -0.65%
🟡 **부동산**: $40.29 🟢 +0.05%
🟡 **유틸리티**: $45.33 🟢 +0.18%
💀 **통신**: $108.81 🔴 -2.36%

## 📈 채권 수익률
🟡 **2년 국채**: $3.62 🟢 +0.00%
🚀 **10년 국채**: $4.42 🟢 +2.03%
🟢 **30년 국채**: $4.94 🟢 +0.80%
🟢 **10Y-2Y 스프레드**: 0.80bp

## 📋 기타 지표
🚀 **VIX**: $27.44 🟢 +8.33%
🟢 **USD/KRW**: $1507.46 🟢 +0.68%
🚀 **WTI 유가**: $93.79 🟢 +3.84%
💀 **금**: $4376.90 🔴 -3.80%

## 😰 Fear & Greed Index
🔴 **extreme fear**: 18.2/100

## 📝 오늘의 시장 요약
• 주요 지수는 **하락세**로 마감
• VIX 27.4 - 변동성 **보통**
• 투자 심리: **extreme fear**


========================================
💬 채팅용 요약
========================================
🇺🇸 미국 증시 마감 요약
💀 S&P 500: 🔴 -1.74%
💀 NASDAQ: 🔴 -2.38%
💀 Dow Jones: 🔴 -1.01%
📊 VIX: 27.4
😰 F&G: 18.2/100 (extreme fear)
2026-03-28 07:00:02,686 - INFO - ==================================================
2026-03-28 07:00:02,687 - INFO - 🚀 미국 시장 분석 시작
2026-03-28 07:00:02,687 - INFO - ==================================================
2026-03-28 07:00:02,687 - INFO - 🚀 시장 데이터 수집 시작...
2026-03-28 07:00:03,624 - INFO - ✅ S&P 500 (^GSPC): 6368.85 🔴 -1.67%
2026-03-28 07:00:03,790 - INFO - ✅ NASDAQ (^IXIC): 20948.36 🔴 -2.15%
2026-03-28 07:00:04,090 - INFO - ✅ Dow Jones (^DJI): 45166.64 🔴 -1.73%
2026-03-28 07:00:04,393 - INFO - ✅ SOX 반도체 (^SOX): 7457.67 🔴 -1.69%
2026-03-28 07:00:04,555 - INFO - ✅ Russell 2000 (^RUT): 2449.70 🔴 -1.75%
2026-03-28 07:00:04,755 - INFO - ✅ 기술 (XLK): 129.92 🔴 -1.95%
2026-03-28 07:00:04,947 - INFO - ✅ 금융 (XLF): 47.81 🔴 -2.53%
2026-03-28 07:00:05,177 - INFO - ✅ 에너지 (XLE): 62.56 🟢 +1.69%
2026-03-28 07:00:05,510 - INFO - ✅ 헬스케어 (XLV): 143.26 🔴 -1.70%
2026-03-28 07:00:05,733 - INFO - ✅ 소비재(선택) (XLY): 105.68 🔴 -2.89%
2026-03-28 07:00:05,931 - INFO - ✅ 소비재(필수) (XLP): 81.78 🟢 +0.79%
2026-03-28 07:00:06,127 - INFO - ✅ 산업 (XLI): 159.20 🔴 -1.28%
2026-03-28 07:00:06,370 - INFO - ✅ 소재 (XLB): 48.91 🔴 -0.37%
2026-03-28 07:00:06,551 - INFO - ✅ 부동산 (XLRE): 40.01 🔴 -0.69%
2026-03-28 07:00:06,747 - INFO - ✅ 유틸리티 (XLU): 45.59 🟢 +0.57%
2026-03-28 07:00:07,053 - INFO - ✅ 통신 (XLC): 107.04 🔴 -1.63%
2026-03-28 07:00:07,215 - INFO - ✅ 2년 국채 (^IRX): 3.61 🔴 -0.36%
2026-03-28 07:00:07,388 - INFO - ✅ 10년 국채 (^TNX): 4.44 🟢 +0.54%
2026-03-28 07:00:07,551 - INFO - ✅ 30년 국채 (^TYX): 4.98 🟢 +0.93%
2026-03-28 07:00:07,710 - INFO - ✅ VIX (^VIX): 31.05 🟢 +13.16%
2026-03-28 07:00:07,874 - INFO - ✅ USD/KRW (KRW=X): 1508.06 🟢 +0.47%
2026-03-28 07:00:08,036 - INFO - ✅ WTI 유가 (CL=F): 101.18 🟢 +7.09%
2026-03-28 07:00:08,332 - INFO - ✅ 금 (GC=F): 4521.30 🟢 +3.33%
2026-03-28 07:00:08,387 - INFO - ✅ Fear & Greed Index: 10.2172757475083 (extreme fear)
2026-03-28 07:00:08,387 - INFO - ✅ 10Y-2Y 스프레드: 0.83bp
2026-03-28 07:00:08,387 - INFO - ✅ 데이터 수집 완료
2026-03-28 07:00:08,387 - INFO - ✅ 보고서 저장: /root/.openclaw/workspace/stock/reports/us_market_20260328.txt
2026-03-28 07:00:08,465 - INFO - ✅ Oracle DB 연결 성공
2026-03-28 07:00:08,471 - INFO - ✅ 테이블 생성/확인 완료
2026-03-28 07:00:08,486 - INFO - ✅ DB 저장 완료: 23개 레코드
2026-03-28 07:00:08,487 - INFO - ✅ DB 연결 종료
2026-03-28 07:00:08,488 - INFO - ✅ 분석 완료!

============================================================
📊 미국 시장 분석 보고서
============================================================
# 🇺🇸 미국 증시 마감 분석 - 2026년 03월 28일

보고서 생성: 2026-03-28 07:00:08

## 📊 주요 지수
💀 **S&P 500**: $6368.85 🔴 -1.67%
💀 **NASDAQ**: $20948.36 🔴 -2.15%
💀 **Dow Jones**: $45166.64 🔴 -1.73%
💀 **SOX 반도체**: $7457.67 🔴 -1.69%
💀 **Russell 2000**: $2449.70 🔴 -1.75%

## 🏭 섹터별 ETF
💀 **기술**: $129.92 🔴 -1.95%
💀 **금융**: $47.81 🔴 -2.53%
🚀 **에너지**: $62.56 🟢 +1.69%
💀 **헬스케어**: $143.26 🔴 -1.70%
💀 **소비재(선택)**: $105.68 🔴 -2.89%
🟢 **소비재(필수)**: $81.78 🟢 +0.79%
💀 **산업**: $159.20 🔴 -1.28%
🟠 **소재**: $48.91 🔴 -0.37%
🔴 **부동산**: $40.01 🔴 -0.69%
🟢 **유틸리티**: $45.59 🟢 +0.57%
💀 **통신**: $107.04 🔴 -1.63%

## 📈 채권 수익률
🟠 **2년 국채**: $3.61 🔴 -0.36%
🟢 **10년 국채**: $4.44 🟢 +0.54%
🟢 **30년 국채**: $4.98 🟢 +0.93%
🟢 **10Y-2Y 스프레드**: 0.83bp

## 📋 기타 지표
🚀 **VIX**: $31.05 🟢 +13.16%
🟡 **USD/KRW**: $1508.06 🟢 +0.47%
🚀 **WTI 유가**: $101.18 🟢 +7.09%
🚀 **금**: $4521.30 🟢 +3.33%

## 😰 Fear & Greed Index
🔴 **extreme fear**: 10.2/100

## 📝 오늘의 시장 요약
• 주요 지수는 **하락세**로 마감
• VIX 31.0 - 변동성 **높음 (시장 불안)**
• 투자 심리: **extreme fear**


========================================
💬 채팅용 요약
========================================
🇺🇸 미국 증시 마감 요약
💀 S&P 500: 🔴 -1.67%
💀 NASDAQ: 🔴 -2.15%
💀 Dow Jones: 🔴 -1.73%
📊 VIX: 31.0
😰 F&G: 10.2/100 (extreme fear)
2026-03-29 07:00:02,506 - INFO - ==================================================
2026-03-29 07:00:02,507 - INFO - 🚀 미국 시장 분석 시작
2026-03-29 07:00:02,507 - INFO - ==================================================
2026-03-29 07:00:02,507 - INFO - 🚀 시장 데이터 수집 시작...
2026-03-29 07:00:03,607 - INFO - ✅ S&P 500 (^GSPC): 6368.85 🔴 -1.67%
2026-03-29 07:00:03,770 - INFO - ✅ NASDAQ (^IXIC): 20948.36 🔴 -2.15%
2026-03-29 07:00:03,928 - INFO - ✅ Dow Jones (^DJI): 45166.64 🔴 -1.73%
2026-03-29 07:00:04,089 - INFO - ✅ SOX 반도체 (^SOX): 7457.67 🔴 -1.69%
2026-03-29 07:00:04,249 - INFO - ✅ Russell 2000 (^RUT): 2449.70 🔴 -1.75%
2026-03-29 07:00:04,442 - INFO - ✅ 기술 (XLK): 129.92 🔴 -1.95%
2026-03-29 07:00:04,630 - INFO - ✅ 금융 (XLF): 47.81 🔴 -2.53%
2026-03-29 07:00:04,823 - INFO - ✅ 에너지 (XLE): 62.56 🟢 +1.69%
2026-03-29 07:00:05,025 - INFO - ✅ 헬스케어 (XLV): 143.26 🔴 -1.70%
2026-03-29 07:00:05,250 - INFO - ✅ 소비재(선택) (XLY): 105.68 🔴 -2.89%
2026-03-29 07:00:05,473 - INFO - ✅ 소비재(필수) (XLP): 81.78 🟢 +0.79%
2026-03-29 07:00:05,682 - INFO - ✅ 산업 (XLI): 159.20 🔴 -1.28%
2026-03-29 07:00:05,889 - INFO - ✅ 소재 (XLB): 48.91 🔴 -0.37%
2026-03-29 07:00:06,107 - INFO - ✅ 부동산 (XLRE): 40.01 🔴 -0.69%
2026-03-29 07:00:06,301 - INFO - ✅ 유틸리티 (XLU): 45.59 🟢 +0.57%
2026-03-29 07:00:06,467 - INFO - ✅ 통신 (XLC): 107.04 🔴 -1.63%
2026-03-29 07:00:06,630 - INFO - ✅ 2년 국채 (^IRX): 3.61 🔴 -0.36%
2026-03-29 07:00:06,786 - INFO - ✅ 10년 국채 (^TNX): 4.44 🟢 +0.54%
2026-03-29 07:00:06,942 - INFO - ✅ 30년 국채 (^TYX): 4.98 🟢 +0.93%
2026-03-29 07:00:07,109 - INFO - ✅ VIX (^VIX): 31.05 🟢 +13.16%
2026-03-29 07:00:07,272 - INFO - ✅ USD/KRW (KRW=X): 1508.36 🟢 +0.49%
2026-03-29 07:00:07,433 - INFO - ✅ WTI 유가 (CL=F): 99.64 🟢 +5.46%
2026-03-29 07:00:07,596 - INFO - ✅ 금 (GC=F): 4492.00 🟢 +2.66%
2026-03-29 07:00:07,650 - INFO - ✅ Fear & Greed Index: 10.2172757475083 (extreme fear)
2026-03-29 07:00:07,651 - INFO - ✅ 10Y-2Y 스프레드: 0.83bp
2026-03-29 07:00:07,651 - INFO - ✅ 데이터 수집 완료
2026-03-29 07:00:07,651 - INFO - ✅ 보고서 저장: /root/.openclaw/workspace/stock/reports/us_market_20260329.txt
2026-03-29 07:00:07,718 - INFO - ✅ Oracle DB 연결 성공
2026-03-29 07:00:07,725 - INFO - ✅ 테이블 생성/확인 완료
2026-03-29 07:00:07,745 - INFO - ✅ DB 저장 완료: 23개 레코드
2026-03-29 07:00:07,746 - INFO - ✅ DB 연결 종료
2026-03-29 07:00:07,746 - INFO - ✅ 분석 완료!

============================================================
📊 미국 시장 분석 보고서
============================================================
# 🇺🇸 미국 증시 마감 분석 - 2026년 03월 29일

보고서 생성: 2026-03-29 07:00:07

## 📊 주요 지수
💀 **S&P 500**: $6368.85 🔴 -1.67%
💀 **NASDAQ**: $20948.36 🔴 -2.15%
💀 **Dow Jones**: $45166.64 🔴 -1.73%
💀 **SOX 반도체**: $7457.67 🔴 -1.69%
💀 **Russell 2000**: $2449.70 🔴 -1.75%

## 🏭 섹터별 ETF
💀 **기술**: $129.92 🔴 -1.95%
💀 **금융**: $47.81 🔴 -2.53%
🚀 **에너지**: $62.56 🟢 +1.69%
💀 **헬스케어**: $143.26 🔴 -1.70%
💀 **소비재(선택)**: $105.68 🔴 -2.89%
🟢 **소비재(필수)**: $81.78 🟢 +0.79%
💀 **산업**: $159.20 🔴 -1.28%
🟠 **소재**: $48.91 🔴 -0.37%
🔴 **부동산**: $40.01 🔴 -0.69%
🟢 **유틸리티**: $45.59 🟢 +0.57%
💀 **통신**: $107.04 🔴 -1.63%

## 📈 채권 수익률
🟠 **2년 국채**: $3.61 🔴 -0.36%
🟢 **10년 국채**: $4.44 🟢 +0.54%
🟢 **30년 국채**: $4.98 🟢 +0.93%
🟢 **10Y-2Y 스프레드**: 0.83bp

## 📋 기타 지표
🚀 **VIX**: $31.05 🟢 +13.16%
🟡 **USD/KRW**: $1508.36 🟢 +0.49%
🚀 **WTI 유가**: $99.64 🟢 +5.46%
🚀 **금**: $4492.00 🟢 +2.66%

## 😰 Fear & Greed Index
🔴 **extreme fear**: 10.2/100

## 📝 오늘의 시장 요약
• 주요 지수는 **하락세**로 마감
• VIX 31.0 - 변동성 **높음 (시장 불안)**
• 투자 심리: **extreme fear**


========================================
💬 채팅용 요약
========================================
🇺🇸 미국 증시 마감 요약
💀 S&P 500: 🔴 -1.67%
💀 NASDAQ: 🔴 -2.15%
💀 Dow Jones: 🔴 -1.73%
📊 VIX: 31.0
😰 F&G: 10.2/100 (extreme fear)
2026-03-30 07:00:02,457 - INFO - ==================================================
2026-03-30 07:00:02,459 - INFO - 🚀 미국 시장 분석 시작
2026-03-30 07:00:02,459 - INFO - ==================================================
2026-03-30 07:00:02,459 - INFO - 🚀 시장 데이터 수집 시작...
2026-03-30 07:00:03,444 - INFO - ✅ S&P 500 (^GSPC): 6368.85 🔴 -1.67%
2026-03-30 07:00:03,609 - INFO - ✅ NASDAQ (^IXIC): 20948.36 🔴 -2.15%
2026-03-30 07:00:03,805 - INFO - ✅ Dow Jones (^DJI): 45166.64 🔴 -1.73%
2026-03-30 07:00:03,965 - INFO - ✅ SOX 반도체 (^SOX): 7457.67 🔴 -1.69%
2026-03-30 07:00:04,138 - INFO - ✅ Russell 2000 (^RUT): 2449.70 🔴 -1.75%
2026-03-30 07:00:04,329 - INFO - ✅ 기술 (XLK): 129.92 🔴 -1.95%
2026-03-30 07:00:04,551 - INFO - ✅ 금융 (XLF): 47.81 🔴 -2.53%
2026-03-30 07:00:04,745 - INFO - ✅ 에너지 (XLE): 62.56 🟢 +1.69%
2026-03-30 07:00:04,930 - INFO - ✅ 헬스케어 (XLV): 143.26 🔴 -1.70%
2026-03-30 07:00:05,163 - INFO - ✅ 소비재(선택) (XLY): 105.68 🔴 -2.89%
2026-03-30 07:00:05,363 - INFO - ✅ 소비재(필수) (XLP): 81.78 🟢 +0.79%
2026-03-30 07:00:05,592 - INFO - ✅ 산업 (XLI): 159.20 🔴 -1.28%
2026-03-30 07:00:05,802 - INFO - ✅ 소재 (XLB): 48.91 🔴 -0.37%
2026-03-30 07:00:05,975 - INFO - ✅ 부동산 (XLRE): 40.01 🔴 -0.69%
2026-03-30 07:00:06,169 - INFO - ✅ 유틸리티 (XLU): 45.59 🟢 +0.57%
2026-03-30 07:00:06,336 - INFO - ✅ 통신 (XLC): 107.04 🔴 -1.63%
2026-03-30 07:00:06,504 - INFO - ✅ 2년 국채 (^IRX): 3.61 🔴 -0.36%
2026-03-30 07:00:06,661 - INFO - ✅ 10년 국채 (^TNX): 4.44 🟢 +0.54%
2026-03-30 07:00:06,847 - INFO - ✅ 30년 국채 (^TYX): 4.98 🟢 +0.93%
2026-03-30 07:00:07,010 - INFO - ✅ VIX (^VIX): 31.05 🟢 +13.16%
2026-03-30 07:00:07,170 - INFO - ✅ USD/KRW (KRW=X): 1507.95 🔴 -0.03%
2026-03-30 07:00:07,328 - WARNING - ❌ WTI 유가 (CL=F): 데이터 부족
2026-03-30 07:00:07,487 - WARNING - ❌ 금 (GC=F): 데이터 부족
2026-03-30 07:00:07,578 - INFO - ✅ Fear & Greed Index: 10.2172757475083 (extreme fear)
2026-03-30 07:00:07,579 - INFO - ✅ 10Y-2Y 스프레드: 0.83bp
2026-03-30 07:00:07,580 - INFO - ✅ 데이터 수집 완료
2026-03-30 07:00:07,580 - INFO - ✅ 보고서 저장: /root/.openclaw/workspace/stock/reports/us_market_20260330.txt
2026-03-30 07:00:07,664 - INFO - ✅ Oracle DB 연결 성공
2026-03-30 07:00:07,671 - INFO - ✅ 테이블 생성/확인 완료
2026-03-30 07:00:07,685 - INFO - ✅ DB 저장 완료: 21개 레코드
2026-03-30 07:00:07,687 - INFO - ✅ DB 연결 종료
2026-03-30 07:00:07,687 - INFO - ✅ 분석 완료!

============================================================
📊 미국 시장 분석 보고서
============================================================
# 🇺🇸 미국 증시 마감 분석 - 2026년 03월 30일

보고서 생성: 2026-03-30 07:00:07

## 📊 주요 지수
💀 **S&P 500**: $6368.85 🔴 -1.67%
💀 **NASDAQ**: $20948.36 🔴 -2.15%
💀 **Dow Jones**: $45166.64 🔴 -1.73%
💀 **SOX 반도체**: $7457.67 🔴 -1.69%
💀 **Russell 2000**: $2449.70 🔴 -1.75%

## 🏭 섹터별 ETF
💀 **기술**: $129.92 🔴 -1.95%
💀 **금융**: $47.81 🔴 -2.53%
🚀 **에너지**: $62.56 🟢 +1.69%
💀 **헬스케어**: $143.26 🔴 -1.70%
💀 **소비재(선택)**: $105.68 🔴 -2.89%
🟢 **소비재(필수)**: $81.78 🟢 +0.79%
💀 **산업**: $159.20 🔴 -1.28%
🟠 **소재**: $48.91 🔴 -0.37%
🔴 **부동산**: $40.01 🔴 -0.69%
🟢 **유틸리티**: $45.59 🟢 +0.57%
💀 **통신**: $107.04 🔴 -1.63%

## 📈 채권 수익률
🟠 **2년 국채**: $3.61 🔴 -0.36%
🟢 **10년 국채**: $4.44 🟢 +0.54%
🟢 **30년 국채**: $4.98 🟢 +0.93%
🟢 **10Y-2Y 스프레드**: 0.83bp

## 📋 기타 지표
🚀 **VIX**: $31.05 🟢 +13.16%
🟠 **USD/KRW**: $1507.95 🔴 -0.03%

## 😰 Fear & Greed Index
🔴 **extreme fear**: 10.2/100

## 📝 오늘의 시장 요약
• 주요 지수는 **하락세**로 마감
• VIX 31.0 - 변동성 **높음 (시장 불안)**
• 투자 심리: **extreme fear**


========================================
💬 채팅용 요약
========================================
🇺🇸 미국 증시 마감 요약
💀 S&P 500: 🔴 -1.67%
💀 NASDAQ: 🔴 -2.15%
💀 Dow Jones: 🔴 -1.73%
📊 VIX: 31.0
😰 F&G: 10.2/100 (extreme fear)
2026-03-31 07:00:03,193 - INFO - ==================================================
2026-03-31 07:00:03,193 - INFO - 🚀 미국 시장 분석 시작
2026-03-31 07:00:03,194 - INFO - ==================================================
2026-03-31 07:00:03,194 - INFO - 🚀 시장 데이터 수집 시작...
2026-03-31 07:00:04,534 - INFO - ✅ S&P 500 (^GSPC): 6343.72 🔴 -0.39%
2026-03-31 07:00:04,705 - INFO - ✅ NASDAQ (^IXIC): 20794.64 🔴 -0.73%
2026-03-31 07:00:04,878 - INFO - ✅ Dow Jones (^DJI): 45216.14 🟢 +0.11%
2026-03-31 07:00:05,194 - INFO - ✅ SOX 반도체 (^SOX): 7142.33 🔴 -4.23%
2026-03-31 07:00:05,371 - INFO - ✅ Russell 2000 (^RUT): 2414.01 🔴 -1.46%
2026-03-31 07:00:05,756 - INFO - ✅ 기술 (XLK): 127.50 🔴 -1.86%
2026-03-31 07:00:05,976 - INFO - ✅ 금융 (XLF): 48.36 🟢 +1.15%
2026-03-31 07:00:06,417 - INFO - ✅ 에너지 (XLE): 61.96 🔴 -0.96%
2026-03-31 07:00:06,667 - INFO - ✅ 헬스케어 (XLV): 143.82 🟢 +0.39%
2026-03-31 07:00:06,859 - INFO - ✅ 소비재(선택) (XLY): 105.66 🔴 -0.02%
2026-03-31 07:00:07,083 - INFO - ✅ 소비재(필수) (XLP): 81.88 🟢 +0.12%
2026-03-31 07:00:07,336 - INFO - ✅ 산업 (XLI): 156.61 🔴 -1.63%
2026-03-31 07:00:07,553 - INFO - ✅ 소재 (XLB): 49.09 🟢 +0.37%
2026-03-31 07:00:07,735 - INFO - ✅ 부동산 (XLRE): 40.21 🟢 +0.50%
2026-03-31 07:00:07,979 - INFO - ✅ 유틸리티 (XLU): 45.92 🟢 +0.72%
2026-03-31 07:00:08,146 - INFO - ✅ 통신 (XLC): 107.96 🟢 +0.86%
2026-03-31 07:00:08,312 - INFO - ✅ 2년 국채 (^IRX): 3.60 🔴 -0.25%
2026-03-31 07:00:08,470 - INFO - ✅ 10년 국채 (^TNX): 4.34 🔴 -2.21%
2026-03-31 07:00:08,628 - INFO - ✅ 30년 국채 (^TYX): 4.90 🔴 -1.55%
2026-03-31 07:00:08,800 - INFO - ✅ VIX (^VIX): 30.61 🔴 -1.42%
2026-03-31 07:00:08,966 - INFO - ✅ USD/KRW (KRW=X): 1516.52 🟢 +0.63%
2026-03-31 07:00:09,122 - WARNING - ❌ WTI 유가 (CL=F): 데이터 부족
2026-03-31 07:00:09,281 - WARNING - ❌ 금 (GC=F): 데이터 부족
2026-03-31 07:00:09,376 - INFO - ✅ Fear & Greed Index: 8.67060755336617 (extreme fear)
2026-03-31 07:00:09,377 - INFO - ✅ 10Y-2Y 스프레드: 0.74bp
2026-03-31 07:00:09,377 - INFO - ✅ 데이터 수집 완료
2026-03-31 07:00:09,378 - INFO - ✅ 보고서 저장: /root/.openclaw/workspace/stock/reports/us_market_20260331.txt
2026-03-31 07:00:09,458 - INFO - ✅ Oracle DB 연결 성공
2026-03-31 07:00:09,464 - INFO - ✅ 테이블 생성/확인 완료
2026-03-31 07:00:09,481 - INFO - ✅ DB 저장 완료: 21개 레코드
2026-03-31 07:00:09,482 - INFO - ✅ DB 연결 종료
2026-03-31 07:00:09,482 - INFO - ✅ 분석 완료!

============================================================
📊 미국 시장 분석 보고서
============================================================
# 🇺🇸 미국 증시 마감 분석 - 2026년 03월 31일

보고서 생성: 2026-03-31 07:00:09

## 📊 주요 지수
🟠 **S&P 500**: $6343.72 🔴 -0.39%
🔴 **NASDAQ**: $20794.64 🔴 -0.73%
🟡 **Dow Jones**: $45216.14 🟢 +0.11%
💀 **SOX 반도체**: $7142.33 🔴 -4.23%
💀 **Russell 2000**: $2414.01 🔴 -1.46%

## 🏭 섹터별 ETF
💀 **기술**: $127.50 🔴 -1.86%
🚀 **금융**: $48.36 🟢 +1.15%
🔴 **에너지**: $61.96 🔴 -0.96%
🟡 **헬스케어**: $143.82 🟢 +0.39%
🟠 **소비재(선택)**: $105.66 🔴 -0.02%
🟡 **소비재(필수)**: $81.88 🟢 +0.12%
💀 **산업**: $156.61 🔴 -1.63%
🟡 **소재**: $49.09 🟢 +0.37%
🟡 **부동산**: $40.21 🟢 +0.50%
🟢 **유틸리티**: $45.92 🟢 +0.72%
🟢 **통신**: $107.96 🟢 +0.86%

## 📈 채권 수익률
🟠 **2년 국채**: $3.60 🔴 -0.25%
💀 **10년 국채**: $4.34 🔴 -2.21%
💀 **30년 국채**: $4.90 🔴 -1.55%
🟢 **10Y-2Y 스프레드**: 0.74bp

## 📋 기타 지표
💀 **VIX**: $30.61 🔴 -1.42%
🟢 **USD/KRW**: $1516.52 🟢 +0.63%

## 😰 Fear & Greed Index
🔴 **extreme fear**: 8.7/100

## 📝 오늘의 시장 요약
• 주요 지수는 **하락세**로 마감
• VIX 30.6 - 변동성 **높음 (시장 불안)**
• 투자 심리: **extreme fear**


========================================
💬 채팅용 요약
========================================
🇺🇸 미국 증시 마감 요약
🟠 S&P 500: 🔴 -0.39%
🔴 NASDAQ: 🔴 -0.73%
🟡 Dow Jones: 🟢 +0.11%
📊 VIX: 30.6
😰 F&G: 8.7/100 (extreme fear)
Traceback (most recent call last):
  File "/root/.openclaw/workspace/stock/us_market_report.py", line 9, in <module>
    import yfinance as yf
  File "/home/anaconda3/lib/python3.12/site-packages/yfinance/__init__.py", line 25, in <module>
    from .ticker import Ticker
  File "/home/anaconda3/lib/python3.12/site-packages/yfinance/ticker.py", line 28, in <module>
    from .base import TickerBase
  File "/home/anaconda3/lib/python3.12/site-packages/yfinance/base.py", line 38, in <module>
    from .live import WebSocket
  File "/home/anaconda3/lib/python3.12/site-packages/yfinance/live.py", line 7, in <module>
    from websockets.asyncio.client import connect as async_connect
ModuleNotFoundError: No module named 'websockets.asyncio'
Traceback (most recent call last):
  File "/root/.openclaw/workspace/stock/us_market_report.py", line 9, in <module>
    import yfinance as yf
  File "/home/anaconda3/lib/python3.12/site-packages/yfinance/__init__.py", line 25, in <module>
    from .ticker import Ticker
  File "/home/anaconda3/lib/python3.12/site-packages/yfinance/ticker.py", line 28, in <module>
    from .base import TickerBase
  File "/home/anaconda3/lib/python3.12/site-packages/yfinance/base.py", line 38, in <module>
    from .live import WebSocket
  File "/home/anaconda3/lib/python3.12/site-packages/yfinance/live.py", line 7, in <module>
    from websockets.asyncio.client import connect as async_connect
ModuleNotFoundError: No module named 'websockets.asyncio'
Traceback (most recent call last):
  File "/root/.openclaw/workspace/stock/us_market_report.py", line 9, in <module>
    import yfinance as yf
  File "/home/anaconda3/lib/python3.12/site-packages/yfinance/__init__.py", line 25, in <module>
    from .ticker import Ticker
  File "/home/anaconda3/lib/python3.12/site-packages/yfinance/ticker.py", line 28, in <module>
    from .base import TickerBase
  File "/home/anaconda3/lib/python3.12/site-packages/yfinance/base.py", line 38, in <module>
    from .live import WebSocket
  File "/home/anaconda3/lib/python3.12/site-packages/yfinance/live.py", line 7, in <module>
    from websockets.asyncio.client import connect as async_connect
ModuleNotFoundError: No module named 'websockets.asyncio'
Traceback (most recent call last):
  File "/root/.openclaw/workspace/stock/us_market_report.py", line 9, in <module>
    import yfinance as yf
  File "/home/anaconda3/lib/python3.12/site-packages/yfinance/__init__.py", line 25, in <module>
    from .ticker import Ticker
  File "/home/anaconda3/lib/python3.12/site-packages/yfinance/ticker.py", line 28, in <module>
    from .base import TickerBase
  File "/home/anaconda3/lib/python3.12/site-packages/yfinance/base.py", line 38, in <module>
    from .live import WebSocket
  File "/home/anaconda3/lib/python3.12/site-packages/yfinance/live.py", line 7, in <module>
    from websockets.asyncio.client import connect as async_connect
ModuleNotFoundError: No module named 'websockets.asyncio'
