/root/.openclaw/workspace/scripts/tbs_monitor.sh: 줄 105: sendmail: 명령어를 찾을 수 없음
[2026-02-14 09:00:02] 메일 발송 완료 (경고: 4건) -> kto2004@naver.com
/root/.openclaw/workspace/scripts/tbs_monitor.sh: 줄 105: sendmail: 명령어를 찾을 수 없음
[2026-02-15 09:00:02] 메일 발송 완료 (경고: 4건) -> kto2004@naver.com
/root/.openclaw/workspace/scripts/tbs_monitor.sh: 줄 105: sendmail: 명령어를 찾을 수 없음
[2026-02-16 09:00:02] 메일 발송 완료 (경고: 4건) -> kto2004@naver.com
/root/.openclaw/workspace/scripts/tbs_monitor.sh: 줄 105: sendmail: 명령어를 찾을 수 없음
[2026-02-17 09:00:01] 메일 발송 완료 (경고: 1건) -> kto2004@naver.com
success
/root/.openclaw/workspace/scripts/tbs_monitor.sh: 줄 105: sendmail: 명령어를 찾을 수 없음
[2026-02-18 09:00:01] 메일 발송 완료 (경고: 1건) -> kto2004@naver.com
success
/root/.openclaw/workspace/scripts/tbs_monitor.sh: 줄 105: sendmail: 명령어를 찾을 수 없음
[2026-02-19 09:00:02] 메일 발송 완료 (경고: 1건) -> kto2004@naver.com
success
/root/.openclaw/workspace/scripts/tbs_monitor.sh: 줄 105: sendmail: 명령어를 찾을 수 없음
[2026-02-20 09:00:04] 메일 발송 완료 (경고: 1건) -> kto2004@naver.com
success
/root/.openclaw/workspace/scripts/tbs_monitor.sh: 줄 105: sendmail: 명령어를 찾을 수 없음
[2026-02-21 09:00:06] 메일 발송 완료 (경고: 0건) -> kto2004@naver.com
/root/.openclaw/workspace/scripts/tbs_monitor.sh: 줄 105: sendmail: 명령어를 찾을 수 없음
[2026-02-22 09:00:10] 메일 발송 완료 (경고: 0건) -> kto2004@naver.com
/root/.openclaw/workspace/scripts/tbs_monitor.sh: 줄 105: sendmail: 명령어를 찾을 수 없음
[2026-02-23 09:00:03] 메일 발송 완료 (경고: 0건) -> kto2004@naver.com
/root/.openclaw/workspace/scripts/tbs_monitor.sh: 줄 105: sendmail: 명령어를 찾을 수 없음
[2026-02-24 09:00:39] 메일 발송 완료 (경고: 0건) -> kto2004@naver.com
/root/.openclaw/workspace/scripts/tbs_monitor.sh: 줄 105: sendmail: 명령어를 찾을 수 없음
[2026-02-25 09:00:14] 메일 발송 완료 (경고: 0건) -> kto2004@naver.com
/root/.openclaw/workspace/scripts/tbs_monitor.sh: 줄 105: sendmail: 명령어를 찾을 수 없음
[2026-02-26 09:00:06] 메일 발송 완료 (경고: 0건) -> kto2004@naver.com
/root/.openclaw/workspace/scripts/tbs_monitor.sh: 줄 105: sendmail: 명령어를 찾을 수 없음
[2026-02-27 09:00:26] 메일 발송 완료 (경고: 0건) -> kto2004@naver.com
/root/.openclaw/workspace/scripts/tbs_monitor.sh: 줄 105: sendmail: 명령어를 찾을 수 없음
[2026-02-28 09:00:33] 메일 발송 완료 (경고: 0건) -> kto2004@naver.com
/root/.openclaw/workspace/scripts/tbs_monitor.sh: 줄 105: sendmail: 명령어를 찾을 수 없음
[2026-03-01 09:01:36] 메일 발송 완료 (경고: 0건) -> kto2004@naver.com
/root/.openclaw/workspace/scripts/tbs_monitor.sh: 줄 105: sendmail: 명령어를 찾을 수 없음
[2026-03-02 09:01:11] 메일 발송 완료 (경고: 1건) -> kto2004@naver.com
success
/root/.openclaw/workspace/scripts/tbs_monitor.sh: 줄 105: sendmail: 명령어를 찾을 수 없음
[2026-03-03 09:03:03] 메일 발송 완료 (경고: 1건) -> kto2004@naver.com
success
/root/.openclaw/workspace/scripts/tbs_monitor.sh: 줄 105: sendmail: 명령어를 찾을 수 없음
[2026-03-04 09:03:17] 메일 발송 완료 (경고: 1건) -> kto2004@naver.com
success
/root/.openclaw/workspace/scripts/tbs_monitor.sh: 줄 105: sendmail: 명령어를 찾을 수 없음
[2026-03-05 09:01:52] 메일 발송 완료 (경고: 1건) -> kto2004@naver.com
success
/root/.openclaw/workspace/scripts/tbs_monitor.sh: 줄 105: sendmail: 명령어를 찾을 수 없음
[2026-03-06 09:00:27] 메일 발송 완료 (경고: 0건) -> kto2004@naver.com
/root/.openclaw/workspace/scripts/tbs_monitor.sh: 줄 105: sendmail: 명령어를 찾을 수 없음
[2026-03-07 09:03:29] 메일 발송 완료 (경고: 0건) -> kto2004@naver.com
/root/.openclaw/workspace/scripts/tbs_monitor.sh: 줄 105: sendmail: 명령어를 찾을 수 없음
[2026-03-08 09:00:02] 메일 발송 완료 (경고: 0건) -> kto2004@naver.com
/root/.openclaw/workspace/scripts/tbs_monitor.sh: 줄 105: sendmail: 명령어를 찾을 수 없음
[2026-03-09 09:00:04] 메일 발송 완료 (경고: 0건) -> kto2004@naver.com
/root/.openclaw/workspace/scripts/tbs_monitor.sh: 줄 105: sendmail: 명령어를 찾을 수 없음
[2026-03-10 09:00:27] 메일 발송 완료 (경고: 0건) -> kto2004@naver.com
/root/.openclaw/workspace/scripts/tbs_monitor.sh: 줄 105: sendmail: 명령어를 찾을 수 없음
[2026-03-11 09:01:28] 메일 발송 완료 (경고: 0건) -> kto2004@naver.com
/root/.openclaw/workspace/scripts/tbs_monitor.sh: 줄 105: sendmail: 명령어를 찾을 수 없음
[2026-03-12 09:00:38] 메일 발송 완료 (경고: 0건) -> kto2004@naver.com
/root/.openclaw/workspace/scripts/tbs_monitor.sh: 줄 105: sendmail: 명령어를 찾을 수 없음
[2026-03-13 09:00:01] 메일 발송 완료 (경고: 0건) -> kto2004@naver.com
/root/.openclaw/workspace/scripts/tbs_monitor.sh: 줄 105: sendmail: 명령어를 찾을 수 없음
[2026-03-14 09:00:03] 메일 발송 완료 (경고: 0건) -> kto2004@naver.com
/root/.openclaw/workspace/scripts/tbs_monitor.sh: 줄 105: sendmail: 명령어를 찾을 수 없음
[2026-03-15 09:00:01] 메일 발송 완료 (경고: 0건) -> kto2004@naver.com
/root/.openclaw/workspace/scripts/tbs_monitor.sh: 줄 105: sendmail: 명령어를 찾을 수 없음
[2026-03-16 09:00:14] 메일 발송 완료 (경고: 0건) -> kto2004@naver.com
/root/.openclaw/workspace/scripts/tbs_monitor.sh: 줄 105: sendmail: 명령어를 찾을 수 없음
[2026-03-17 09:00:01] 메일 발송 완료 (경고: 0건) -> kto2004@naver.com
/root/.openclaw/workspace/scripts/tbs_monitor.sh: 줄 105: sendmail: 명령어를 찾을 수 없음
[2026-03-18 09:00:04] 메일 발송 완료 (경고: 1건) -> kto2004@naver.com
/usr/lib/python3.9/site-packages/requests/__init__.py:87: RequestsDependencyWarning: urllib3 (2.6.3) or chardet (4.0.0) doesn't match a supported version!
  warnings.warn("urllib3 ({}) or chardet ({}) doesn't match a supported "
success
/root/.openclaw/workspace/scripts/tbs_monitor.sh: 줄 105: sendmail: 명령어를 찾을 수 없음
[2026-03-19 09:00:02] 메일 발송 완료 (경고: 1건) -> kto2004@naver.com
/usr/lib/python3.9/site-packages/requests/__init__.py:87: RequestsDependencyWarning: urllib3 (2.6.3) or chardet (4.0.0) doesn't match a supported version!
  warnings.warn("urllib3 ({}) or chardet ({}) doesn't match a supported "
success
/root/.openclaw/workspace/scripts/tbs_monitor.sh: 줄 105: sendmail: 명령어를 찾을 수 없음
[2026-03-20 09:00:03] 메일 발송 완료 (경고: 0건) -> kto2004@naver.com
/root/.openclaw/workspace/scripts/tbs_monitor.sh: 줄 105: sendmail: 명령어를 찾을 수 없음
[2026-03-21 09:00:01] 메일 발송 완료 (경고: 0건) -> kto2004@naver.com
/root/.openclaw/workspace/scripts/tbs_monitor.sh: 줄 105: sendmail: 명령어를 찾을 수 없음
[2026-03-22 09:00:02] 메일 발송 완료 (경고: 0건) -> kto2004@naver.com
/root/.openclaw/workspace/scripts/tbs_monitor.sh: 줄 105: sendmail: 명령어를 찾을 수 없음
[2026-03-23 09:00:34] 메일 발송 완료 (경고: 0건) -> kto2004@naver.com
/root/.openclaw/workspace/scripts/tbs_monitor.sh: 줄 105: sendmail: 명령어를 찾을 수 없음
[2026-03-24 09:00:12] 메일 발송 완료 (경고: 0건) -> kto2004@naver.com
/root/.openclaw/workspace/scripts/tbs_monitor.sh: 줄 105: sendmail: 명령어를 찾을 수 없음
[2026-03-25 09:00:07] 메일 발송 완료 (경고: 0건) -> kto2004@naver.com
/root/.openclaw/workspace/scripts/tbs_monitor.sh: 줄 105: sendmail: 명령어를 찾을 수 없음
[2026-03-26 09:00:01] 메일 발송 완료 (경고: 1건) -> kto2004@naver.com
success
/root/.openclaw/workspace/scripts/tbs_monitor.sh: 줄 105: sendmail: 명령어를 찾을 수 없음
[2026-03-27 09:00:03] 메일 발송 완료 (경고: 0건) -> kto2004@naver.com
/root/.openclaw/workspace/scripts/tbs_monitor.sh: 줄 105: sendmail: 명령어를 찾을 수 없음
[2026-03-28 09:00:04] 메일 발송 완료 (경고: 2건) -> kto2004@naver.com
success
/root/.openclaw/workspace/scripts/tbs_monitor.sh: 줄 105: sendmail: 명령어를 찾을 수 없음
[2026-03-29 09:00:12] 메일 발송 완료 (경고: 1건) -> kto2004@naver.com
success
/root/.openclaw/workspace/scripts/tbs_monitor.sh: 줄 105: sendmail: 명령어를 찾을 수 없음
[2026-03-30 09:00:07] 메일 발송 완료 (경고: 1건) -> kto2004@naver.com
success
