2026-03-09 20:52:26,638 - INFO - === 멀티 ETF 데이터 수집 시작 ===
2026-03-09 20:52:26,717 - INFO - Oracle DB 연결 성공: oracle19c01:1521/PROD
2026-03-09 20:52:26,722 - INFO - ETF 목록 로드 완료: 10개
2026-03-09 20:52:26,722 - INFO - [069500] KODEX 200 데이터 수집 중...
2026-03-09 20:52:26,727 - INFO - 069500: 3건 저장 완료
2026-03-09 20:52:27,232 - INFO - [091170] TIGER Construction 데이터 수집 중...
2026-03-09 20:52:27,236 - INFO - 091170: 3건 저장 완료
2026-03-09 20:52:27,738 - INFO - [091230] KODEX Battery 데이터 수집 중...
2026-03-09 20:52:27,742 - INFO - 091230: 3건 저장 완료
2026-03-09 20:52:28,244 - INFO - [102110] TIGER 200IT 데이터 수집 중...
2026-03-09 20:52:28,248 - INFO - 102110: 3건 저장 완료
2026-03-09 20:52:28,751 - INFO - [130680] TIGER Oil Futures 데이터 수집 중...
2026-03-09 20:52:28,845 - INFO - 130680: 3건 저장 완료
2026-03-09 20:52:29,371 - INFO - [133690] TIGER NASDAQ100 데이터 수집 중...
2026-03-09 20:52:29,428 - INFO - 133690: 3건 저장 완료
2026-03-09 20:52:29,943 - INFO - [160580] KODEX Samsung Pref 데이터 수집 중...
2026-03-09 20:52:30,424 - INFO - 160580: 3건 저장 완료
2026-03-09 20:52:30,928 - INFO - [161510] KODEX High Dividend 데이터 수집 중...
2026-03-09 20:52:33,671 - INFO - 161510: 3건 저장 완료
2026-03-09 20:52:34,338 - INFO - [229200] KODEX KOSDAQ150 데이터 수집 중...
2026-03-09 20:52:35,712 - INFO - 229200: 3건 저장 완료
2026-03-09 20:52:36,224 - INFO - [449180] KODEX US SP500 데이터 수집 중...
2026-03-09 20:52:36,228 - INFO - 449180: 3건 저장 완료
2026-03-09 20:52:36,730 - INFO - === 수집 완료: 10/10 ===
