2026-03-09 21:03:34,250 - INFO - === ETF 기술적 지표 분석 시작 ===
2026-03-09 21:03:34,330 - INFO - Oracle DB 연결 성공: oracle19c01:1521/PROD
2026-03-09 21:03:34,340 - INFO - [069500] KODEX 200 기술적 분석 중...
2026-03-09 21:03:34,350 - INFO - 069500: 60일 가격 데이터 로드
2026-03-09 21:03:34,362 - INFO - 기술적 지표 계산 완료: 1건
2026-03-09 21:03:34,503 - INFO - 069500: 1건 기술적 지표 저장 완료
2026-03-09 21:03:35,004 - INFO - [091170] TIGER Construction 기술적 분석 중...
2026-03-09 21:03:35,045 - INFO - 091170: 60일 가격 데이터 로드
2026-03-09 21:03:35,062 - INFO - 기술적 지표 계산 완료: 1건
2026-03-09 21:03:35,087 - INFO - 091170: 1건 기술적 지표 저장 완료
2026-03-09 21:03:35,590 - INFO - [091230] KODEX Battery 기술적 분석 중...
2026-03-09 21:03:35,610 - INFO - 091230: 60일 가격 데이터 로드
2026-03-09 21:03:35,624 - INFO - 기술적 지표 계산 완료: 1건
2026-03-09 21:03:35,669 - INFO - 091230: 1건 기술적 지표 저장 완료
2026-03-09 21:03:36,172 - INFO - [102110] TIGER 200IT 기술적 분석 중...
2026-03-09 21:03:36,194 - INFO - 102110: 60일 가격 데이터 로드
2026-03-09 21:03:36,210 - INFO - 기술적 지표 계산 완료: 1건
2026-03-09 21:03:36,250 - INFO - 102110: 1건 기술적 지표 저장 완료
2026-03-09 21:03:36,751 - INFO - [130680] TIGER Oil Futures 기술적 분석 중...
2026-03-09 21:03:36,776 - INFO - 130680: 60일 가격 데이터 로드
2026-03-09 21:03:36,805 - INFO - 기술적 지표 계산 완료: 1건
2026-03-09 21:03:36,835 - INFO - 130680: 1건 기술적 지표 저장 완료
2026-03-09 21:03:37,337 - INFO - [133690] TIGER NASDAQ100 기술적 분석 중...
2026-03-09 21:03:37,356 - INFO - 133690: 60일 가격 데이터 로드
2026-03-09 21:03:37,371 - INFO - 기술적 지표 계산 완료: 1건
2026-03-09 21:03:37,394 - INFO - 133690: 1건 기술적 지표 저장 완료
2026-03-09 21:03:37,897 - INFO - [160580] KODEX Samsung Pref 기술적 분석 중...
2026-03-09 21:03:37,934 - INFO - 160580: 60일 가격 데이터 로드
2026-03-09 21:03:37,960 - INFO - 기술적 지표 계산 완료: 1건
2026-03-09 21:03:37,989 - INFO - 160580: 1건 기술적 지표 저장 완료
2026-03-09 21:03:38,491 - INFO - [161510] KODEX High Dividend 기술적 분석 중...
2026-03-09 21:03:38,528 - INFO - 161510: 60일 가격 데이터 로드
2026-03-09 21:03:38,552 - INFO - 기술적 지표 계산 완료: 1건
2026-03-09 21:03:38,581 - INFO - 161510: 1건 기술적 지표 저장 완료
2026-03-09 21:03:39,084 - INFO - [229200] KODEX KOSDAQ150 기술적 분석 중...
2026-03-09 21:03:39,105 - INFO - 229200: 60일 가격 데이터 로드
2026-03-09 21:03:39,114 - INFO - 기술적 지표 계산 완료: 1건
2026-03-09 21:03:39,121 - INFO - 229200: 1건 기술적 지표 저장 완료
2026-03-09 21:03:39,622 - INFO - [449180] KODEX US SP500 기술적 분석 중...
2026-03-09 21:03:39,634 - INFO - 449180: 60일 가격 데이터 로드
2026-03-09 21:03:39,643 - INFO - 기술적 지표 계산 완료: 1건
2026-03-09 21:03:39,677 - INFO - 449180: 1건 기술적 지표 저장 완료
2026-03-09 21:03:40,179 - INFO - === 분석 완료: 10/10 ===
2026-03-09 21:17:25,297 - INFO - === ETF 기술적 지표 분석 시작 ===
2026-03-09 21:17:25,374 - INFO - Oracle DB 연결 성공: oracle19c01:1521/PROD
2026-03-09 21:17:25,376 - INFO - [069500] KODEX 200 기술적 분석 중...
2026-03-09 21:17:25,383 - INFO - 069500: 180일 가격 데이터 로드
2026-03-09 21:17:25,383 - WARNING - 069500: 데이터 부족 (최소 200일 필요)
2026-03-09 21:17:25,883 - INFO - [091170] TIGER Construction 기술적 분석 중...
2026-03-09 21:17:25,891 - INFO - 091170: 180일 가격 데이터 로드
2026-03-09 21:17:25,891 - WARNING - 091170: 데이터 부족 (최소 200일 필요)
2026-03-09 21:17:26,392 - INFO - [091230] KODEX Battery 기술적 분석 중...
2026-03-09 21:17:26,427 - INFO - 091230: 180일 가격 데이터 로드
2026-03-09 21:17:26,428 - WARNING - 091230: 데이터 부족 (최소 200일 필요)
2026-03-09 21:17:26,929 - INFO - [102110] TIGER 200IT 기술적 분석 중...
2026-03-09 21:17:27,003 - INFO - 102110: 180일 가격 데이터 로드
2026-03-09 21:17:27,004 - WARNING - 102110: 데이터 부족 (최소 200일 필요)
2026-03-09 21:17:27,505 - INFO - [130680] TIGER Oil Futures 기술적 분석 중...
2026-03-09 21:17:27,579 - INFO - 130680: 180일 가격 데이터 로드
2026-03-09 21:17:27,581 - WARNING - 130680: 데이터 부족 (최소 200일 필요)
2026-03-09 21:17:28,083 - INFO - [133690] TIGER NASDAQ100 기술적 분석 중...
2026-03-09 21:17:28,181 - INFO - 133690: 180일 가격 데이터 로드
2026-03-09 21:17:28,184 - WARNING - 133690: 데이터 부족 (최소 200일 필요)
2026-03-09 21:17:28,685 - INFO - [160580] KODEX Samsung Pref 기술적 분석 중...
2026-03-09 21:17:28,712 - INFO - 160580: 180일 가격 데이터 로드
2026-03-09 21:17:28,713 - WARNING - 160580: 데이터 부족 (최소 200일 필요)
2026-03-09 21:17:29,215 - INFO - [161510] KODEX High Dividend 기술적 분석 중...
2026-03-09 21:17:29,649 - INFO - 161510: 180일 가격 데이터 로드
2026-03-09 21:17:29,650 - WARNING - 161510: 데이터 부족 (최소 200일 필요)
2026-03-09 21:17:30,151 - INFO - [229200] KODEX KOSDAQ150 기술적 분석 중...
2026-03-09 21:17:30,371 - INFO - 229200: 180일 가격 데이터 로드
2026-03-09 21:17:30,372 - WARNING - 229200: 데이터 부족 (최소 200일 필요)
2026-03-09 21:17:30,874 - INFO - [449180] KODEX US SP500 기술적 분석 중...
2026-03-09 21:17:30,918 - INFO - 449180: 180일 가격 데이터 로드
2026-03-09 21:17:30,920 - WARNING - 449180: 데이터 부족 (최소 200일 필요)
2026-03-09 21:17:31,421 - INFO - === 분석 완료: 0/10 ===
2026-03-09 21:18:18,005 - INFO - === ETF 기술적 지표 분석 시작 ===
2026-03-09 21:18:20,456 - INFO - Oracle DB 연결 성공: oracle19c01:1521/PROD
2026-03-09 21:18:20,477 - INFO - [069500] KODEX 200 기술적 분석 중...
2026-03-09 21:18:20,588 - INFO - 069500: 180일 가격 데이터 로드
2026-03-09 21:18:20,601 - INFO - 기술적 지표 계산 완료: 0건
2026-03-09 21:18:20,602 - WARNING - 069500: 저장 실패
2026-03-09 21:18:21,102 - INFO - [091170] TIGER Construction 기술적 분석 중...
2026-03-09 21:18:21,109 - INFO - 091170: 180일 가격 데이터 로드
2026-03-09 21:18:21,116 - INFO - 기술적 지표 계산 완료: 0건
2026-03-09 21:18:21,116 - WARNING - 091170: 저장 실패
2026-03-09 21:18:21,618 - INFO - [091230] KODEX Battery 기술적 분석 중...
2026-03-09 21:18:21,648 - INFO - 091230: 180일 가격 데이터 로드
2026-03-09 21:18:21,659 - INFO - 기술적 지표 계산 완료: 0건
2026-03-09 21:18:21,660 - WARNING - 091230: 저장 실패
2026-03-09 21:18:22,161 - INFO - [102110] TIGER 200IT 기술적 분석 중...
2026-03-09 21:18:22,186 - INFO - 102110: 180일 가격 데이터 로드
2026-03-09 21:18:22,198 - INFO - 기술적 지표 계산 완료: 0건
2026-03-09 21:18:22,198 - WARNING - 102110: 저장 실패
2026-03-09 21:18:22,699 - INFO - [130680] TIGER Oil Futures 기술적 분석 중...
2026-03-09 21:18:22,723 - INFO - 130680: 180일 가격 데이터 로드
2026-03-09 21:18:22,739 - INFO - 기술적 지표 계산 완료: 0건
2026-03-09 21:18:22,740 - WARNING - 130680: 저장 실패
2026-03-09 21:18:23,241 - INFO - [133690] TIGER NASDAQ100 기술적 분석 중...
2026-03-09 21:18:23,275 - INFO - 133690: 180일 가격 데이터 로드
2026-03-09 21:18:23,293 - INFO - 기술적 지표 계산 완료: 0건
2026-03-09 21:18:23,294 - WARNING - 133690: 저장 실패
2026-03-09 21:18:23,795 - INFO - [160580] KODEX Samsung Pref 기술적 분석 중...
2026-03-09 21:18:23,837 - INFO - 160580: 180일 가격 데이터 로드
2026-03-09 21:18:23,854 - INFO - 기술적 지표 계산 완료: 0건
2026-03-09 21:18:23,855 - WARNING - 160580: 저장 실패
2026-03-09 21:18:24,356 - INFO - [161510] KODEX High Dividend 기술적 분석 중...
2026-03-09 21:18:24,403 - INFO - 161510: 180일 가격 데이터 로드
2026-03-09 21:18:24,417 - INFO - 기술적 지표 계산 완료: 0건
2026-03-09 21:18:24,418 - WARNING - 161510: 저장 실패
2026-03-09 21:18:24,919 - INFO - [229200] KODEX KOSDAQ150 기술적 분석 중...
2026-03-09 21:18:24,941 - INFO - 229200: 180일 가격 데이터 로드
2026-03-09 21:18:24,959 - INFO - 기술적 지표 계산 완료: 0건
2026-03-09 21:18:24,960 - WARNING - 229200: 저장 실패
2026-03-09 21:18:25,461 - INFO - [449180] KODEX US SP500 기술적 분석 중...
2026-03-09 21:18:25,541 - INFO - 449180: 180일 가격 데이터 로드
2026-03-09 21:18:25,574 - INFO - 기술적 지표 계산 완료: 0건
2026-03-09 21:18:25,576 - WARNING - 449180: 저장 실패
2026-03-09 21:18:26,077 - INFO - === 분석 완료: 0/10 ===
2026-03-09 21:20:04,226 - INFO - === ETF 기술적 지표 분석 시작 ===
2026-03-09 21:20:04,302 - INFO - Oracle DB 연결 성공: oracle19c01:1521/PROD
2026-03-09 21:20:04,304 - INFO - [069500] KODEX 200 기술적 분석 중...
2026-03-09 21:20:04,311 - INFO - 069500: 180일 가격 데이터 로드
2026-03-09 21:20:04,320 - INFO - 기술적 지표 계산 완료: 0건
2026-03-09 21:20:04,320 - WARNING - 069500: 저장 실패
2026-03-09 21:20:04,820 - INFO - [091170] TIGER Construction 기술적 분석 중...
2026-03-09 21:20:04,827 - INFO - 091170: 180일 가격 데이터 로드
2026-03-09 21:20:04,834 - INFO - 기술적 지표 계산 완료: 0건
2026-03-09 21:20:04,834 - WARNING - 091170: 저장 실패
2026-03-09 21:20:05,335 - INFO - [091230] KODEX Battery 기술적 분석 중...
2026-03-09 21:20:05,437 - INFO - 091230: 180일 가격 데이터 로드
2026-03-09 21:20:05,446 - INFO - 기술적 지표 계산 완료: 0건
2026-03-09 21:20:05,446 - WARNING - 091230: 저장 실패
2026-03-09 21:20:05,947 - INFO - [102110] TIGER 200IT 기술적 분석 중...
2026-03-09 21:20:06,009 - INFO - 102110: 180일 가격 데이터 로드
2026-03-09 21:20:06,024 - INFO - 기술적 지표 계산 완료: 0건
2026-03-09 21:20:06,026 - WARNING - 102110: 저장 실패
2026-03-09 21:20:06,527 - INFO - [130680] TIGER Oil Futures 기술적 분석 중...
2026-03-09 21:20:06,545 - INFO - 130680: 180일 가격 데이터 로드
2026-03-09 21:20:06,556 - INFO - 기술적 지표 계산 완료: 0건
2026-03-09 21:20:06,556 - WARNING - 130680: 저장 실패
2026-03-09 21:20:07,057 - INFO - [133690] TIGER NASDAQ100 기술적 분석 중...
2026-03-09 21:20:07,065 - INFO - 133690: 180일 가격 데이터 로드
2026-03-09 21:20:07,077 - INFO - 기술적 지표 계산 완료: 0건
2026-03-09 21:20:07,077 - WARNING - 133690: 저장 실패
2026-03-09 21:20:07,578 - INFO - [160580] KODEX Samsung Pref 기술적 분석 중...
2026-03-09 21:20:07,591 - INFO - 160580: 180일 가격 데이터 로드
2026-03-09 21:20:07,600 - INFO - 기술적 지표 계산 완료: 0건
2026-03-09 21:20:07,600 - WARNING - 160580: 저장 실패
2026-03-09 21:20:08,101 - INFO - [161510] KODEX High Dividend 기술적 분석 중...
2026-03-09 21:20:08,120 - INFO - 161510: 180일 가격 데이터 로드
2026-03-09 21:20:08,135 - INFO - 기술적 지표 계산 완료: 0건
2026-03-09 21:20:08,136 - WARNING - 161510: 저장 실패
2026-03-09 21:20:08,637 - INFO - [229200] KODEX KOSDAQ150 기술적 분석 중...
2026-03-09 21:20:08,674 - INFO - 229200: 180일 가격 데이터 로드
2026-03-09 21:20:08,695 - INFO - 기술적 지표 계산 완료: 0건
2026-03-09 21:20:08,696 - WARNING - 229200: 저장 실패
2026-03-09 21:20:09,197 - INFO - [449180] KODEX US SP500 기술적 분석 중...
2026-03-09 21:20:09,218 - INFO - 449180: 180일 가격 데이터 로드
2026-03-09 21:20:09,230 - INFO - 기술적 지표 계산 완료: 0건
2026-03-09 21:20:09,230 - WARNING - 449180: 저장 실패
2026-03-09 21:20:09,731 - INFO - === 분석 완료: 0/10 ===
