2026-03-09 21:06:05,328 - INFO - Oracle DB 연결 성공
2026-03-09 21:06:06,811 - INFO - 매매 신호 테이블 생성 완료
2026-03-09 21:06:06,812 - INFO - === ETF 매매 신호 분석 시작 ===
2026-03-09 21:06:07,146 - INFO - Oracle DB 연결 성공
2026-03-09 21:06:07,335 - INFO - [069500] 매매 신호 분석 중...
2026-03-09 21:06:07,477 - WARNING - 069500: 기술적 데이터 부족
2026-03-09 21:06:07,478 - INFO - [091170] 매매 신호 분석 중...
2026-03-09 21:06:07,493 - WARNING - 091170: 기술적 데이터 부족
2026-03-09 21:06:07,494 - INFO - [091230] 매매 신호 분석 중...
2026-03-09 21:06:07,506 - WARNING - 091230: 기술적 데이터 부족
2026-03-09 21:06:07,507 - INFO - [102110] 매매 신호 분석 중...
2026-03-09 21:06:07,513 - WARNING - 102110: 기술적 데이터 부족
2026-03-09 21:06:07,513 - INFO - [130680] 매매 신호 분석 중...
2026-03-09 21:06:07,522 - WARNING - 130680: 기술적 데이터 부족
2026-03-09 21:06:07,523 - INFO - [133690] 매매 신호 분석 중...
2026-03-09 21:06:07,525 - WARNING - 133690: 기술적 데이터 부족
2026-03-09 21:06:07,526 - INFO - [160580] 매매 신호 분석 중...
2026-03-09 21:06:07,527 - WARNING - 160580: 기술적 데이터 부족
2026-03-09 21:06:07,527 - INFO - [161510] 매매 신호 분석 중...
2026-03-09 21:06:07,528 - WARNING - 161510: 기술적 데이터 부족
2026-03-09 21:06:07,528 - INFO - [229200] 매매 신호 분석 중...
2026-03-09 21:06:07,530 - WARNING - 229200: 기술적 데이터 부족
2026-03-09 21:06:07,530 - INFO - [449180] 매매 신호 분석 중...
2026-03-09 21:06:07,531 - WARNING - 449180: 기술적 데이터 부족
2026-03-09 21:06:07,531 - INFO - === 매매 신호 분석 완료: 0개 ETF ===
2026-03-09 21:07:13,917 - INFO - Oracle DB 연결 성공
2026-03-09 21:07:13,936 - INFO - === ETF 매매 신호 분석 시작 ===
2026-03-09 21:07:14,152 - INFO - Oracle DB 연결 성공
2026-03-09 21:07:14,162 - INFO - [069500] 매매 신호 분석 중...
2026-03-09 21:07:14,397 - INFO - 069500: BUY (MEDIUM) - RSI Oversold (17.3)
2026-03-09 21:07:14,397 - INFO - [091170] 매매 신호 분석 중...
2026-03-09 21:07:14,404 - INFO - 091170: BUY (MEDIUM) - RSI Oversold (19.9)
2026-03-09 21:07:14,404 - INFO - [091230] 매매 신호 분석 중...
2026-03-09 21:07:14,410 - INFO - 091230: SELL (MEDIUM) - SMA5 < SMA20 (Downtrend)
2026-03-09 21:07:14,410 - INFO - [102110] 매매 신호 분석 중...
2026-03-09 21:07:14,414 - INFO - 102110: SELL (MEDIUM) - RSI Overbought (97.5)
2026-03-09 21:07:14,414 - INFO - [130680] 매매 신호 분석 중...
2026-03-09 21:07:14,424 - INFO - 130680: BUY (WEAK) - SMA5 > SMA20 (Uptrend) | Near BB Upper (0.93)
2026-03-09 21:07:14,425 - INFO - [133690] 매매 신호 분석 중...
2026-03-09 21:07:14,430 - INFO - 133690: SELL (MEDIUM) - RSI Overbought (96.6)
2026-03-09 21:07:14,430 - INFO - [160580] 매매 신호 분석 중...
2026-03-09 21:07:14,435 - INFO - 160580: SELL (WEAK) - RSI Oversold (26.5) | SMA5 < SMA20 (Downtrend)
2026-03-09 21:07:14,435 - INFO - [161510] 매매 신호 분석 중...
2026-03-09 21:07:14,440 - INFO - 161510: BUY (MEDIUM) - RSI Oversold (11.9)
2026-03-09 21:07:14,440 - INFO - [229200] 매매 신호 분석 중...
2026-03-09 21:07:14,445 - INFO - 229200: BUY (WEAK) - SMA5 > SMA20 (Uptrend) | Near BB Upper (1.18)
2026-03-09 21:07:14,445 - INFO - [449180] 매매 신호 분석 중...
2026-03-09 21:07:14,449 - INFO - 449180: SELL (WEAK) - SMA5 < SMA20 (Downtrend)
2026-03-09 21:07:14,449 - INFO - === 매매 신호 분석 완료: 10개 ETF ===
2026-03-09 21:21:03,954 - INFO - Oracle DB 연결 성공
2026-03-09 21:21:03,981 - INFO - === ETF 매매 신호 분석 시작 ===
2026-03-09 21:21:04,349 - INFO - Oracle DB 연결 성공
2026-03-09 21:21:04,376 - INFO - [069500] 매매 신호 분석 중...
2026-03-09 21:21:04,836 - ERROR - 매매 신호 분석 실패: '>' not supported between instances of 'NoneType' and 'NoneType'
2026-03-09 21:22:36,687 - INFO - Oracle DB 연결 성공
2026-03-09 21:22:36,708 - INFO - === ETF 매매 신호 분석 시작 ===
2026-03-09 21:22:36,808 - INFO - Oracle DB 연결 성공
2026-03-09 21:22:36,814 - INFO - [069500] 매매 신호 분석 중...
2026-03-09 21:22:36,844 - INFO - 069500: BUY (WEAK) - RSI Oversold (6.8)
2026-03-09 21:22:36,844 - INFO - [091170] 매매 신호 분석 중...
2026-03-09 21:22:36,849 - INFO - 091170: BUY (WEAK) - RSI Oversold (9.4)
2026-03-09 21:22:36,849 - INFO - [091230] 매매 신호 분석 중...
2026-03-09 21:22:36,856 - INFO - 091230: BUY (MEDIUM) - SMA5 > SMA20 (Uptrend)
2026-03-09 21:22:36,856 - INFO - [102110] 매매 신호 분석 중...
2026-03-09 21:22:36,864 - INFO - 102110: BUY (STRONG) - SMA5 > SMA20 (Uptrend) | RSI Oversold (23.9)
2026-03-09 21:22:36,864 - INFO - [130680] 매매 신호 분석 중...
2026-03-09 21:22:36,869 - INFO - 130680: HOLD (WEAK) - SMA5 > SMA20 (Uptrend) | RSI Overbought (78.9)
2026-03-09 21:22:36,869 - INFO - [133690] 매매 신호 분석 중...
2026-03-09 21:22:36,872 - INFO - 133690: BUY (WEAK) - RSI Oversold (8.0)
2026-03-09 21:22:36,872 - INFO - [160580] 매매 신호 분석 중...
2026-03-09 21:22:36,875 - INFO - 160580: BUY (MEDIUM) - SMA5 > SMA20 (Uptrend)
2026-03-09 21:22:36,875 - INFO - [161510] 매매 신호 분석 중...
2026-03-09 21:22:36,879 - INFO - 161510: BUY (WEAK) - RSI Oversold (14.8)
2026-03-09 21:22:36,879 - INFO - [229200] 매매 신호 분석 중...
2026-03-09 21:22:36,889 - INFO - 229200: BUY (WEAK) - RSI Oversold (6.2)
2026-03-09 21:22:36,890 - INFO - [449180] 매매 신호 분석 중...
2026-03-09 21:22:36,897 - INFO - 449180: SELL (WEAK) - RSI Overbought (83.0)
2026-03-09 21:22:36,897 - INFO - === 매매 신호 분석 완료: 10개 ETF ===
